<?xml version="1.0" encoding="UTF-8"?>
<testng-results ignored="0" total="55" passed="0" failed="55" skipped="0">
  <reporter-output>
  </reporter-output>
  <suite started-at="2022-03-23T00:41:09 IST" name="Default suite" finished-at="2022-03-23T00:41:11 IST" duration-ms="2496">
    <groups>
      <group name="cucumber">
        <method signature="UnacademyRunner.Scenario(io.cucumber.testng.PickleWrapper,io.cucumber.testng.FeatureWrapper)[pri:0, instance:com.runner.UnacademyRunner@740cae06]" name="Scenario" class="com.runner.UnacademyRunner"/>
      </group> <!-- cucumber -->
    </groups>
    <test started-at="2022-03-23T00:41:09 IST" name="Default test" finished-at="2022-03-23T00:41:11 IST" duration-ms="2496">
      <class name="com.runner.UnacademyRunner">
        <test-method is-config="true" signature="setUpCucumber()[pri:0, instance:com.runner.UnacademyRunner@740cae06]" started-at="2022-03-23T00:41:09 IST" name="setUpCucumber" finished-at="2022-03-23T00:41:10 IST" duration-ms="1449" status="PASS">
          <reporter-output>
          </reporter-output>
        </test-method> <!-- setUpCucumber -->
        <test-method is-config="true" signature="setUpClass()[pri:0, instance:com.runner.UnacademyRunner@740cae06]" started-at="2022-03-23T00:41:10 IST" name="setUpClass" finished-at="2022-03-23T00:41:10 IST" duration-ms="0" status="PASS">
          <reporter-output>
          </reporter-output>
        </test-method> <!-- setUpClass -->
        <test-method signature="Scenario(io.cucumber.testng.PickleWrapper,io.cucumber.testng.FeatureWrapper)[pri:0, instance:com.runner.UnacademyRunner@740cae06]" started-at="2022-03-23T00:41:10 IST" name="Scenario" description="Runs Cucumber Feature" data-provider="Scenarios" finished-at="2022-03-23T00:41:10 IST" duration-ms="107" status="FAIL">
          <params>
            <param index="0">
              <value>
                <![CDATA["number must not start with 0"]]>
              </value>
            </param>
            <param index="1">
              <value>
                <![CDATA["Optional[mobile field verification]"]]>
              </value>
            </param>
          </params>
          <exception class="io.cucumber.core.runner.DuplicateStepDefinitionException">
            <message>
              <![CDATA[Duplicate step definitions in com.StepDefinition.StepDefinition_1_UnacademyTest.select_age_group() and com.StepDefinition.StepDefinition_1_UnacademyTestTest.select_age_group()]]>
            </message>
            <full-stacktrace>
              <![CDATA[io.cucumber.core.runner.DuplicateStepDefinitionException: Duplicate step definitions in com.StepDefinition.StepDefinition_1_UnacademyTest.select_age_group() and com.StepDefinition.StepDefinition_1_UnacademyTestTest.select_age_group()
at io.cucumber.core.runner.CachingGlue.lambda$prepareGlue$3(CachingGlue.java:277)
at java.base/java.util.ArrayList.forEach(ArrayList.java:1511)
at io.cucumber.core.runner.CachingGlue.prepareGlue(CachingGlue.java:271)
at io.cucumber.core.runner.Runner.runPickle(Runner.java:72)
at io.cucumber.testng.TestNGCucumberRunner.lambda$runScenario$1(TestNGCucumberRunner.java:132)
at io.cucumber.core.runtime.CucumberExecutionContext.lambda$runTestCase$3(CucumberExecutionContext.java:151)
at io.cucumber.core.runtime.RethrowingThrowableCollector.executeAndThrow(RethrowingThrowableCollector.java:23)
at io.cucumber.core.runtime.CucumberExecutionContext.runTestCase(CucumberExecutionContext.java:151)
at io.cucumber.testng.TestNGCucumberRunner.runScenario(TestNGCucumberRunner.java:129)
at com.runner.UnacademyRunner.Scenario(UnacademyRunner.java:62)
at java.base/jdk.internal.reflect.NativeMethodAccessorImpl.invoke0(Native Method)
at java.base/jdk.internal.reflect.NativeMethodAccessorImpl.invoke(NativeMethodAccessorImpl.java:77)
at java.base/jdk.internal.reflect.DelegatingMethodAccessorImpl.invoke(DelegatingMethodAccessorImpl.java:43)
at java.base/java.lang.reflect.Method.invoke(Method.java:568)
at org.testng.internal.MethodInvocationHelper.invokeMethod(MethodInvocationHelper.java:133)
at org.testng.internal.TestInvoker.invokeMethod(TestInvoker.java:598)
at org.testng.internal.TestInvoker.invokeTestMethod(TestInvoker.java:173)
at org.testng.internal.MethodRunner.runInSequence(MethodRunner.java:46)
at org.testng.internal.TestInvoker$MethodInvocationAgent.invoke(TestInvoker.java:824)
at org.testng.internal.TestInvoker.invokeTestMethods(TestInvoker.java:146)
at org.testng.internal.TestMethodWorker.invokeTestMethods(TestMethodWorker.java:146)
at org.testng.internal.TestMethodWorker.run(TestMethodWorker.java:128)
at java.base/java.util.ArrayList.forEach(ArrayList.java:1511)
at org.testng.TestRunner.privateRun(TestRunner.java:794)
at org.testng.TestRunner.run(TestRunner.java:596)
at org.testng.SuiteRunner.runTest(SuiteRunner.java:377)
at org.testng.SuiteRunner.runSequentially(SuiteRunner.java:371)
at org.testng.SuiteRunner.privateRun(SuiteRunner.java:332)
at org.testng.SuiteRunner.run(SuiteRunner.java:276)
at org.testng.SuiteRunnerWorker.runSuite(SuiteRunnerWorker.java:53)
at org.testng.SuiteRunnerWorker.run(SuiteRunnerWorker.java:96)
at org.testng.TestNG.runSuitesSequentially(TestNG.java:1212)
at org.testng.TestNG.runSuitesLocally(TestNG.java:1134)
at org.testng.TestNG.runSuites(TestNG.java:1063)
at org.testng.TestNG.run(TestNG.java:1031)
at org.testng.remote.AbstractRemoteTestNG.run(AbstractRemoteTestNG.java:115)
at org.testng.remote.RemoteTestNG.initAndRun(RemoteTestNG.java:251)
at org.testng.remote.RemoteTestNG.main(RemoteTestNG.java:77)
]]>
            </full-stacktrace>
          </exception> <!-- io.cucumber.core.runner.DuplicateStepDefinitionException -->
          <reporter-output>
          </reporter-output>
        </test-method> <!-- Scenario -->
        <test-method signature="Scenario(io.cucumber.testng.PickleWrapper,io.cucumber.testng.FeatureWrapper)[pri:0, instance:com.runner.UnacademyRunner@740cae06]" started-at="2022-03-23T00:41:10 IST" name="Scenario" description="Runs Cucumber Feature" data-provider="Scenarios" finished-at="2022-03-23T00:41:10 IST" duration-ms="17" status="FAIL">
          <params>
            <param index="0">
              <value>
                <![CDATA["name must not have numbers or special characters"]]>
              </value>
            </param>
            <param index="1">
              <value>
                <![CDATA["Optional[name and email verification]"]]>
              </value>
            </param>
          </params>
          <exception class="io.cucumber.core.runner.DuplicateStepDefinitionException">
            <message>
              <![CDATA[Duplicate step definitions in com.StepDefinition.StepDefinition_1_UnacademyTest.select_age_group() and com.StepDefinition.StepDefinition_1_UnacademyTestTest.select_age_group()]]>
            </message>
            <full-stacktrace>
              <![CDATA[io.cucumber.core.runner.DuplicateStepDefinitionException: Duplicate step definitions in com.StepDefinition.StepDefinition_1_UnacademyTest.select_age_group() and com.StepDefinition.StepDefinition_1_UnacademyTestTest.select_age_group()
at io.cucumber.core.runner.CachingGlue.lambda$prepareGlue$3(CachingGlue.java:277)
at java.base/java.util.ArrayList.forEach(ArrayList.java:1511)
at io.cucumber.core.runner.CachingGlue.prepareGlue(CachingGlue.java:271)
at io.cucumber.core.runner.Runner.runPickle(Runner.java:72)
at io.cucumber.testng.TestNGCucumberRunner.lambda$runScenario$1(TestNGCucumberRunner.java:132)
at io.cucumber.core.runtime.CucumberExecutionContext.lambda$runTestCase$3(CucumberExecutionContext.java:151)
at io.cucumber.core.runtime.RethrowingThrowableCollector.executeAndThrow(RethrowingThrowableCollector.java:23)
at io.cucumber.core.runtime.CucumberExecutionContext.runTestCase(CucumberExecutionContext.java:151)
at io.cucumber.testng.TestNGCucumberRunner.runScenario(TestNGCucumberRunner.java:129)
at com.runner.UnacademyRunner.Scenario(UnacademyRunner.java:62)
at java.base/jdk.internal.reflect.NativeMethodAccessorImpl.invoke0(Native Method)
at java.base/jdk.internal.reflect.NativeMethodAccessorImpl.invoke(NativeMethodAccessorImpl.java:77)
at java.base/jdk.internal.reflect.DelegatingMethodAccessorImpl.invoke(DelegatingMethodAccessorImpl.java:43)
at java.base/java.lang.reflect.Method.invoke(Method.java:568)
at org.testng.internal.MethodInvocationHelper.invokeMethod(MethodInvocationHelper.java:133)
at org.testng.internal.TestInvoker.invokeMethod(TestInvoker.java:598)
at org.testng.internal.TestInvoker.invokeTestMethod(TestInvoker.java:173)
at org.testng.internal.MethodRunner.runInSequence(MethodRunner.java:46)
at org.testng.internal.TestInvoker$MethodInvocationAgent.invoke(TestInvoker.java:824)
at org.testng.internal.TestInvoker.invokeTestMethods(TestInvoker.java:146)
at org.testng.internal.TestMethodWorker.invokeTestMethods(TestMethodWorker.java:146)
at org.testng.internal.TestMethodWorker.run(TestMethodWorker.java:128)
at java.base/java.util.ArrayList.forEach(ArrayList.java:1511)
at org.testng.TestRunner.privateRun(TestRunner.java:794)
at org.testng.TestRunner.run(TestRunner.java:596)
at org.testng.SuiteRunner.runTest(SuiteRunner.java:377)
at org.testng.SuiteRunner.runSequentially(SuiteRunner.java:371)
at org.testng.SuiteRunner.privateRun(SuiteRunner.java:332)
at org.testng.SuiteRunner.run(SuiteRunner.java:276)
at org.testng.SuiteRunnerWorker.runSuite(SuiteRunnerWorker.java:53)
at org.testng.SuiteRunnerWorker.run(SuiteRunnerWorker.java:96)
at org.testng.TestNG.runSuitesSequentially(TestNG.java:1212)
at org.testng.TestNG.runSuitesLocally(TestNG.java:1134)
at org.testng.TestNG.runSuites(TestNG.java:1063)
at org.testng.TestNG.run(TestNG.java:1031)
at org.testng.remote.AbstractRemoteTestNG.run(AbstractRemoteTestNG.java:115)
at org.testng.remote.RemoteTestNG.initAndRun(RemoteTestNG.java:251)
at org.testng.remote.RemoteTestNG.main(RemoteTestNG.java:77)
]]>
            </full-stacktrace>
          </exception> <!-- io.cucumber.core.runner.DuplicateStepDefinitionException -->
          <reporter-output>
          </reporter-output>
        </test-method> <!-- Scenario -->
        <test-method is-config="true" signature="setUpClass()[pri:0, instance:com.runner.UnacademyRunner@740cae06]" started-at="2022-03-23T00:41:10 IST" name="setUpClass" finished-at="2022-03-23T00:41:10 IST" duration-ms="0" status="PASS">
          <reporter-output>
          </reporter-output>
        </test-method> <!-- setUpClass -->
        <test-method is-config="true" signature="setUpClass()[pri:0, instance:com.runner.UnacademyRunner@740cae06]" started-at="2022-03-23T00:41:10 IST" name="setUpClass" finished-at="2022-03-23T00:41:10 IST" duration-ms="1" status="PASS">
          <reporter-output>
          </reporter-output>
        </test-method> <!-- setUpClass -->
        <test-method signature="Scenario(io.cucumber.testng.PickleWrapper,io.cucumber.testng.FeatureWrapper)[pri:0, instance:com.runner.UnacademyRunner@740cae06]" started-at="2022-03-23T00:41:10 IST" name="Scenario" description="Runs Cucumber Feature" data-provider="Scenarios" finished-at="2022-03-23T00:41:10 IST" duration-ms="12" status="FAIL">
          <params>
            <param index="0">
              <value>
                <![CDATA["Email must not start with number or have more than one @"]]>
              </value>
            </param>
            <param index="1">
              <value>
                <![CDATA["Optional[name and email verification]"]]>
              </value>
            </param>
          </params>
          <exception class="io.cucumber.core.runner.DuplicateStepDefinitionException">
            <message>
              <![CDATA[Duplicate step definitions in com.StepDefinition.StepDefinition_1_UnacademyTest.select_age_group() and com.StepDefinition.StepDefinition_1_UnacademyTestTest.select_age_group()]]>
            </message>
            <full-stacktrace>
              <![CDATA[io.cucumber.core.runner.DuplicateStepDefinitionException: Duplicate step definitions in com.StepDefinition.StepDefinition_1_UnacademyTest.select_age_group() and com.StepDefinition.StepDefinition_1_UnacademyTestTest.select_age_group()
at io.cucumber.core.runner.CachingGlue.lambda$prepareGlue$3(CachingGlue.java:277)
at java.base/java.util.ArrayList.forEach(ArrayList.java:1511)
at io.cucumber.core.runner.CachingGlue.prepareGlue(CachingGlue.java:271)
at io.cucumber.core.runner.Runner.runPickle(Runner.java:72)
at io.cucumber.testng.TestNGCucumberRunner.lambda$runScenario$1(TestNGCucumberRunner.java:132)
at io.cucumber.core.runtime.CucumberExecutionContext.lambda$runTestCase$3(CucumberExecutionContext.java:151)
at io.cucumber.core.runtime.RethrowingThrowableCollector.executeAndThrow(RethrowingThrowableCollector.java:23)
at io.cucumber.core.runtime.CucumberExecutionContext.runTestCase(CucumberExecutionContext.java:151)
at io.cucumber.testng.TestNGCucumberRunner.runScenario(TestNGCucumberRunner.java:129)
at com.runner.UnacademyRunner.Scenario(UnacademyRunner.java:62)
at java.base/jdk.internal.reflect.NativeMethodAccessorImpl.invoke0(Native Method)
at java.base/jdk.internal.reflect.NativeMethodAccessorImpl.invoke(NativeMethodAccessorImpl.java:77)
at java.base/jdk.internal.reflect.DelegatingMethodAccessorImpl.invoke(DelegatingMethodAccessorImpl.java:43)
at java.base/java.lang.reflect.Method.invoke(Method.java:568)
at org.testng.internal.MethodInvocationHelper.invokeMethod(MethodInvocationHelper.java:133)
at org.testng.internal.TestInvoker.invokeMethod(TestInvoker.java:598)
at org.testng.internal.TestInvoker.invokeTestMethod(TestInvoker.java:173)
at org.testng.internal.MethodRunner.runInSequence(MethodRunner.java:46)
at org.testng.internal.TestInvoker$MethodInvocationAgent.invoke(TestInvoker.java:824)
at org.testng.internal.TestInvoker.invokeTestMethods(TestInvoker.java:146)
at org.testng.internal.TestMethodWorker.invokeTestMethods(TestMethodWorker.java:146)
at org.testng.internal.TestMethodWorker.run(TestMethodWorker.java:128)
at java.base/java.util.ArrayList.forEach(ArrayList.java:1511)
at org.testng.TestRunner.privateRun(TestRunner.java:794)
at org.testng.TestRunner.run(TestRunner.java:596)
at org.testng.SuiteRunner.runTest(SuiteRunner.java:377)
at org.testng.SuiteRunner.runSequentially(SuiteRunner.java:371)
at org.testng.SuiteRunner.privateRun(SuiteRunner.java:332)
at org.testng.SuiteRunner.run(SuiteRunner.java:276)
at org.testng.SuiteRunnerWorker.runSuite(SuiteRunnerWorker.java:53)
at org.testng.SuiteRunnerWorker.run(SuiteRunnerWorker.java:96)
at org.testng.TestNG.runSuitesSequentially(TestNG.java:1212)
at org.testng.TestNG.runSuitesLocally(TestNG.java:1134)
at org.testng.TestNG.runSuites(TestNG.java:1063)
at org.testng.TestNG.run(TestNG.java:1031)
at org.testng.remote.AbstractRemoteTestNG.run(AbstractRemoteTestNG.java:115)
at org.testng.remote.RemoteTestNG.initAndRun(RemoteTestNG.java:251)
at org.testng.remote.RemoteTestNG.main(RemoteTestNG.java:77)
]]>
            </full-stacktrace>
          </exception> <!-- io.cucumber.core.runner.DuplicateStepDefinitionException -->
          <reporter-output>
          </reporter-output>
        </test-method> <!-- Scenario -->
        <test-method is-config="true" signature="setUpClass()[pri:0, instance:com.runner.UnacademyRunner@740cae06]" started-at="2022-03-23T00:41:10 IST" name="setUpClass" finished-at="2022-03-23T00:41:10 IST" duration-ms="0" status="PASS">
          <reporter-output>
          </reporter-output>
        </test-method> <!-- setUpClass -->
        <test-method signature="Scenario(io.cucumber.testng.PickleWrapper,io.cucumber.testng.FeatureWrapper)[pri:0, instance:com.runner.UnacademyRunner@740cae06]" started-at="2022-03-23T00:41:10 IST" name="Scenario" description="Runs Cucumber Feature" data-provider="Scenarios" finished-at="2022-03-23T00:41:10 IST" duration-ms="9" status="FAIL">
          <params>
            <param index="0">
              <value>
                <![CDATA["Using mobile number"]]>
              </value>
            </param>
            <param index="1">
              <value>
                <![CDATA["Optional[Create new account]"]]>
              </value>
            </param>
          </params>
          <exception class="io.cucumber.core.runner.DuplicateStepDefinitionException">
            <message>
              <![CDATA[Duplicate step definitions in com.StepDefinition.StepDefinition_1_UnacademyTest.select_age_group() and com.StepDefinition.StepDefinition_1_UnacademyTestTest.select_age_group()]]>
            </message>
            <full-stacktrace>
              <![CDATA[io.cucumber.core.runner.DuplicateStepDefinitionException: Duplicate step definitions in com.StepDefinition.StepDefinition_1_UnacademyTest.select_age_group() and com.StepDefinition.StepDefinition_1_UnacademyTestTest.select_age_group()
at io.cucumber.core.runner.CachingGlue.lambda$prepareGlue$3(CachingGlue.java:277)
at java.base/java.util.ArrayList.forEach(ArrayList.java:1511)
at io.cucumber.core.runner.CachingGlue.prepareGlue(CachingGlue.java:271)
at io.cucumber.core.runner.Runner.runPickle(Runner.java:72)
at io.cucumber.testng.TestNGCucumberRunner.lambda$runScenario$1(TestNGCucumberRunner.java:132)
at io.cucumber.core.runtime.CucumberExecutionContext.lambda$runTestCase$3(CucumberExecutionContext.java:151)
at io.cucumber.core.runtime.RethrowingThrowableCollector.executeAndThrow(RethrowingThrowableCollector.java:23)
at io.cucumber.core.runtime.CucumberExecutionContext.runTestCase(CucumberExecutionContext.java:151)
at io.cucumber.testng.TestNGCucumberRunner.runScenario(TestNGCucumberRunner.java:129)
at com.runner.UnacademyRunner.Scenario(UnacademyRunner.java:62)
at java.base/jdk.internal.reflect.NativeMethodAccessorImpl.invoke0(Native Method)
at java.base/jdk.internal.reflect.NativeMethodAccessorImpl.invoke(NativeMethodAccessorImpl.java:77)
at java.base/jdk.internal.reflect.DelegatingMethodAccessorImpl.invoke(DelegatingMethodAccessorImpl.java:43)
at java.base/java.lang.reflect.Method.invoke(Method.java:568)
at org.testng.internal.MethodInvocationHelper.invokeMethod(MethodInvocationHelper.java:133)
at org.testng.internal.TestInvoker.invokeMethod(TestInvoker.java:598)
at org.testng.internal.TestInvoker.invokeTestMethod(TestInvoker.java:173)
at org.testng.internal.MethodRunner.runInSequence(MethodRunner.java:46)
at org.testng.internal.TestInvoker$MethodInvocationAgent.invoke(TestInvoker.java:824)
at org.testng.internal.TestInvoker.invokeTestMethods(TestInvoker.java:146)
at org.testng.internal.TestMethodWorker.invokeTestMethods(TestMethodWorker.java:146)
at org.testng.internal.TestMethodWorker.run(TestMethodWorker.java:128)
at java.base/java.util.ArrayList.forEach(ArrayList.java:1511)
at org.testng.TestRunner.privateRun(TestRunner.java:794)
at org.testng.TestRunner.run(TestRunner.java:596)
at org.testng.SuiteRunner.runTest(SuiteRunner.java:377)
at org.testng.SuiteRunner.runSequentially(SuiteRunner.java:371)
at org.testng.SuiteRunner.privateRun(SuiteRunner.java:332)
at org.testng.SuiteRunner.run(SuiteRunner.java:276)
at org.testng.SuiteRunnerWorker.runSuite(SuiteRunnerWorker.java:53)
at org.testng.SuiteRunnerWorker.run(SuiteRunnerWorker.java:96)
at org.testng.TestNG.runSuitesSequentially(TestNG.java:1212)
at org.testng.TestNG.runSuitesLocally(TestNG.java:1134)
at org.testng.TestNG.runSuites(TestNG.java:1063)
at org.testng.TestNG.run(TestNG.java:1031)
at org.testng.remote.AbstractRemoteTestNG.run(AbstractRemoteTestNG.java:115)
at org.testng.remote.RemoteTestNG.initAndRun(RemoteTestNG.java:251)
at org.testng.remote.RemoteTestNG.main(RemoteTestNG.java:77)
]]>
            </full-stacktrace>
          </exception> <!-- io.cucumber.core.runner.DuplicateStepDefinitionException -->
          <reporter-output>
          </reporter-output>
        </test-method> <!-- Scenario -->
        <test-method signature="Scenario(io.cucumber.testng.PickleWrapper,io.cucumber.testng.FeatureWrapper)[pri:0, instance:com.runner.UnacademyRunner@740cae06]" started-at="2022-03-23T00:41:10 IST" name="Scenario" description="Runs Cucumber Feature" data-provider="Scenarios" finished-at="2022-03-23T00:41:10 IST" duration-ms="9" status="FAIL">
          <params>
            <param index="0">
              <value>
                <![CDATA["User login using mobile number"]]>
              </value>
            </param>
            <param index="1">
              <value>
                <![CDATA["Optional[Login]"]]>
              </value>
            </param>
          </params>
          <exception class="io.cucumber.core.runner.DuplicateStepDefinitionException">
            <message>
              <![CDATA[Duplicate step definitions in com.StepDefinition.StepDefinition_1_UnacademyTest.select_age_group() and com.StepDefinition.StepDefinition_1_UnacademyTestTest.select_age_group()]]>
            </message>
            <full-stacktrace>
              <![CDATA[io.cucumber.core.runner.DuplicateStepDefinitionException: Duplicate step definitions in com.StepDefinition.StepDefinition_1_UnacademyTest.select_age_group() and com.StepDefinition.StepDefinition_1_UnacademyTestTest.select_age_group()
at io.cucumber.core.runner.CachingGlue.lambda$prepareGlue$3(CachingGlue.java:277)
at java.base/java.util.ArrayList.forEach(ArrayList.java:1511)
at io.cucumber.core.runner.CachingGlue.prepareGlue(CachingGlue.java:271)
at io.cucumber.core.runner.Runner.runPickle(Runner.java:72)
at io.cucumber.testng.TestNGCucumberRunner.lambda$runScenario$1(TestNGCucumberRunner.java:132)
at io.cucumber.core.runtime.CucumberExecutionContext.lambda$runTestCase$3(CucumberExecutionContext.java:151)
at io.cucumber.core.runtime.RethrowingThrowableCollector.executeAndThrow(RethrowingThrowableCollector.java:23)
at io.cucumber.core.runtime.CucumberExecutionContext.runTestCase(CucumberExecutionContext.java:151)
at io.cucumber.testng.TestNGCucumberRunner.runScenario(TestNGCucumberRunner.java:129)
at com.runner.UnacademyRunner.Scenario(UnacademyRunner.java:62)
at java.base/jdk.internal.reflect.NativeMethodAccessorImpl.invoke0(Native Method)
at java.base/jdk.internal.reflect.NativeMethodAccessorImpl.invoke(NativeMethodAccessorImpl.java:77)
at java.base/jdk.internal.reflect.DelegatingMethodAccessorImpl.invoke(DelegatingMethodAccessorImpl.java:43)
at java.base/java.lang.reflect.Method.invoke(Method.java:568)
at org.testng.internal.MethodInvocationHelper.invokeMethod(MethodInvocationHelper.java:133)
at org.testng.internal.TestInvoker.invokeMethod(TestInvoker.java:598)
at org.testng.internal.TestInvoker.invokeTestMethod(TestInvoker.java:173)
at org.testng.internal.MethodRunner.runInSequence(MethodRunner.java:46)
at org.testng.internal.TestInvoker$MethodInvocationAgent.invoke(TestInvoker.java:824)
at org.testng.internal.TestInvoker.invokeTestMethods(TestInvoker.java:146)
at org.testng.internal.TestMethodWorker.invokeTestMethods(TestMethodWorker.java:146)
at org.testng.internal.TestMethodWorker.run(TestMethodWorker.java:128)
at java.base/java.util.ArrayList.forEach(ArrayList.java:1511)
at org.testng.TestRunner.privateRun(TestRunner.java:794)
at org.testng.TestRunner.run(TestRunner.java:596)
at org.testng.SuiteRunner.runTest(SuiteRunner.java:377)
at org.testng.SuiteRunner.runSequentially(SuiteRunner.java:371)
at org.testng.SuiteRunner.privateRun(SuiteRunner.java:332)
at org.testng.SuiteRunner.run(SuiteRunner.java:276)
at org.testng.SuiteRunnerWorker.runSuite(SuiteRunnerWorker.java:53)
at org.testng.SuiteRunnerWorker.run(SuiteRunnerWorker.java:96)
at org.testng.TestNG.runSuitesSequentially(TestNG.java:1212)
at org.testng.TestNG.runSuitesLocally(TestNG.java:1134)
at org.testng.TestNG.runSuites(TestNG.java:1063)
at org.testng.TestNG.run(TestNG.java:1031)
at org.testng.remote.AbstractRemoteTestNG.run(AbstractRemoteTestNG.java:115)
at org.testng.remote.RemoteTestNG.initAndRun(RemoteTestNG.java:251)
at org.testng.remote.RemoteTestNG.main(RemoteTestNG.java:77)
]]>
            </full-stacktrace>
          </exception> <!-- io.cucumber.core.runner.DuplicateStepDefinitionException -->
          <reporter-output>
          </reporter-output>
        </test-method> <!-- Scenario -->
        <test-method is-config="true" signature="setUpClass()[pri:0, instance:com.runner.UnacademyRunner@740cae06]" started-at="2022-03-23T00:41:10 IST" name="setUpClass" finished-at="2022-03-23T00:41:10 IST" duration-ms="0" status="PASS">
          <reporter-output>
          </reporter-output>
        </test-method> <!-- setUpClass -->
        <test-method signature="Scenario(io.cucumber.testng.PickleWrapper,io.cucumber.testng.FeatureWrapper)[pri:0, instance:com.runner.UnacademyRunner@740cae06]" started-at="2022-03-23T00:41:10 IST" name="Scenario" description="Runs Cucumber Feature" data-provider="Scenarios" finished-at="2022-03-23T00:41:10 IST" duration-ms="7" status="FAIL">
          <params>
            <param index="0">
              <value>
                <![CDATA["Title is verified"]]>
              </value>
            </param>
            <param index="1">
              <value>
                <![CDATA["Optional[verification of login button in Home page]"]]>
              </value>
            </param>
          </params>
          <exception class="io.cucumber.core.runner.DuplicateStepDefinitionException">
            <message>
              <![CDATA[Duplicate step definitions in com.StepDefinition.StepDefinition_1_UnacademyTest.select_age_group() and com.StepDefinition.StepDefinition_1_UnacademyTestTest.select_age_group()]]>
            </message>
            <full-stacktrace>
              <![CDATA[io.cucumber.core.runner.DuplicateStepDefinitionException: Duplicate step definitions in com.StepDefinition.StepDefinition_1_UnacademyTest.select_age_group() and com.StepDefinition.StepDefinition_1_UnacademyTestTest.select_age_group()
at io.cucumber.core.runner.CachingGlue.lambda$prepareGlue$3(CachingGlue.java:277)
at java.base/java.util.ArrayList.forEach(ArrayList.java:1511)
at io.cucumber.core.runner.CachingGlue.prepareGlue(CachingGlue.java:271)
at io.cucumber.core.runner.Runner.runPickle(Runner.java:72)
at io.cucumber.testng.TestNGCucumberRunner.lambda$runScenario$1(TestNGCucumberRunner.java:132)
at io.cucumber.core.runtime.CucumberExecutionContext.lambda$runTestCase$3(CucumberExecutionContext.java:151)
at io.cucumber.core.runtime.RethrowingThrowableCollector.executeAndThrow(RethrowingThrowableCollector.java:23)
at io.cucumber.core.runtime.CucumberExecutionContext.runTestCase(CucumberExecutionContext.java:151)
at io.cucumber.testng.TestNGCucumberRunner.runScenario(TestNGCucumberRunner.java:129)
at com.runner.UnacademyRunner.Scenario(UnacademyRunner.java:62)
at java.base/jdk.internal.reflect.NativeMethodAccessorImpl.invoke0(Native Method)
at java.base/jdk.internal.reflect.NativeMethodAccessorImpl.invoke(NativeMethodAccessorImpl.java:77)
at java.base/jdk.internal.reflect.DelegatingMethodAccessorImpl.invoke(DelegatingMethodAccessorImpl.java:43)
at java.base/java.lang.reflect.Method.invoke(Method.java:568)
at org.testng.internal.MethodInvocationHelper.invokeMethod(MethodInvocationHelper.java:133)
at org.testng.internal.TestInvoker.invokeMethod(TestInvoker.java:598)
at org.testng.internal.TestInvoker.invokeTestMethod(TestInvoker.java:173)
at org.testng.internal.MethodRunner.runInSequence(MethodRunner.java:46)
at org.testng.internal.TestInvoker$MethodInvocationAgent.invoke(TestInvoker.java:824)
at org.testng.internal.TestInvoker.invokeTestMethods(TestInvoker.java:146)
at org.testng.internal.TestMethodWorker.invokeTestMethods(TestMethodWorker.java:146)
at org.testng.internal.TestMethodWorker.run(TestMethodWorker.java:128)
at java.base/java.util.ArrayList.forEach(ArrayList.java:1511)
at org.testng.TestRunner.privateRun(TestRunner.java:794)
at org.testng.TestRunner.run(TestRunner.java:596)
at org.testng.SuiteRunner.runTest(SuiteRunner.java:377)
at org.testng.SuiteRunner.runSequentially(SuiteRunner.java:371)
at org.testng.SuiteRunner.privateRun(SuiteRunner.java:332)
at org.testng.SuiteRunner.run(SuiteRunner.java:276)
at org.testng.SuiteRunnerWorker.runSuite(SuiteRunnerWorker.java:53)
at org.testng.SuiteRunnerWorker.run(SuiteRunnerWorker.java:96)
at org.testng.TestNG.runSuitesSequentially(TestNG.java:1212)
at org.testng.TestNG.runSuitesLocally(TestNG.java:1134)
at org.testng.TestNG.runSuites(TestNG.java:1063)
at org.testng.TestNG.run(TestNG.java:1031)
at org.testng.remote.AbstractRemoteTestNG.run(AbstractRemoteTestNG.java:115)
at org.testng.remote.RemoteTestNG.initAndRun(RemoteTestNG.java:251)
at org.testng.remote.RemoteTestNG.main(RemoteTestNG.java:77)
]]>
            </full-stacktrace>
          </exception> <!-- io.cucumber.core.runner.DuplicateStepDefinitionException -->
          <reporter-output>
          </reporter-output>
        </test-method> <!-- Scenario -->
        <test-method is-config="true" signature="setUpClass()[pri:0, instance:com.runner.UnacademyRunner@740cae06]" started-at="2022-03-23T00:41:10 IST" name="setUpClass" finished-at="2022-03-23T00:41:10 IST" duration-ms="0" status="PASS">
          <reporter-output>
          </reporter-output>
        </test-method> <!-- setUpClass -->
        <test-method is-config="true" signature="setUpClass()[pri:0, instance:com.runner.UnacademyRunner@740cae06]" started-at="2022-03-23T00:41:10 IST" name="setUpClass" finished-at="2022-03-23T00:41:10 IST" duration-ms="0" status="PASS">
          <reporter-output>
          </reporter-output>
        </test-method> <!-- setUpClass -->
        <test-method signature="Scenario(io.cucumber.testng.PickleWrapper,io.cucumber.testng.FeatureWrapper)[pri:0, instance:com.runner.UnacademyRunner@740cae06]" started-at="2022-03-23T00:41:10 IST" name="Scenario" description="Runs Cucumber Feature" data-provider="Scenarios" finished-at="2022-03-23T00:41:10 IST" duration-ms="8" status="FAIL">
          <params>
            <param index="0">
              <value>
                <![CDATA["logo of unacademy is visible"]]>
              </value>
            </param>
            <param index="1">
              <value>
                <![CDATA["Optional[verification of login button in Home page]"]]>
              </value>
            </param>
          </params>
          <exception class="io.cucumber.core.runner.DuplicateStepDefinitionException">
            <message>
              <![CDATA[Duplicate step definitions in com.StepDefinition.StepDefinition_1_UnacademyTest.select_age_group() and com.StepDefinition.StepDefinition_1_UnacademyTestTest.select_age_group()]]>
            </message>
            <full-stacktrace>
              <![CDATA[io.cucumber.core.runner.DuplicateStepDefinitionException: Duplicate step definitions in com.StepDefinition.StepDefinition_1_UnacademyTest.select_age_group() and com.StepDefinition.StepDefinition_1_UnacademyTestTest.select_age_group()
at io.cucumber.core.runner.CachingGlue.lambda$prepareGlue$3(CachingGlue.java:277)
at java.base/java.util.ArrayList.forEach(ArrayList.java:1511)
at io.cucumber.core.runner.CachingGlue.prepareGlue(CachingGlue.java:271)
at io.cucumber.core.runner.Runner.runPickle(Runner.java:72)
at io.cucumber.testng.TestNGCucumberRunner.lambda$runScenario$1(TestNGCucumberRunner.java:132)
at io.cucumber.core.runtime.CucumberExecutionContext.lambda$runTestCase$3(CucumberExecutionContext.java:151)
at io.cucumber.core.runtime.RethrowingThrowableCollector.executeAndThrow(RethrowingThrowableCollector.java:23)
at io.cucumber.core.runtime.CucumberExecutionContext.runTestCase(CucumberExecutionContext.java:151)
at io.cucumber.testng.TestNGCucumberRunner.runScenario(TestNGCucumberRunner.java:129)
at com.runner.UnacademyRunner.Scenario(UnacademyRunner.java:62)
at java.base/jdk.internal.reflect.NativeMethodAccessorImpl.invoke0(Native Method)
at java.base/jdk.internal.reflect.NativeMethodAccessorImpl.invoke(NativeMethodAccessorImpl.java:77)
at java.base/jdk.internal.reflect.DelegatingMethodAccessorImpl.invoke(DelegatingMethodAccessorImpl.java:43)
at java.base/java.lang.reflect.Method.invoke(Method.java:568)
at org.testng.internal.MethodInvocationHelper.invokeMethod(MethodInvocationHelper.java:133)
at org.testng.internal.TestInvoker.invokeMethod(TestInvoker.java:598)
at org.testng.internal.TestInvoker.invokeTestMethod(TestInvoker.java:173)
at org.testng.internal.MethodRunner.runInSequence(MethodRunner.java:46)
at org.testng.internal.TestInvoker$MethodInvocationAgent.invoke(TestInvoker.java:824)
at org.testng.internal.TestInvoker.invokeTestMethods(TestInvoker.java:146)
at org.testng.internal.TestMethodWorker.invokeTestMethods(TestMethodWorker.java:146)
at org.testng.internal.TestMethodWorker.run(TestMethodWorker.java:128)
at java.base/java.util.ArrayList.forEach(ArrayList.java:1511)
at org.testng.TestRunner.privateRun(TestRunner.java:794)
at org.testng.TestRunner.run(TestRunner.java:596)
at org.testng.SuiteRunner.runTest(SuiteRunner.java:377)
at org.testng.SuiteRunner.runSequentially(SuiteRunner.java:371)
at org.testng.SuiteRunner.privateRun(SuiteRunner.java:332)
at org.testng.SuiteRunner.run(SuiteRunner.java:276)
at org.testng.SuiteRunnerWorker.runSuite(SuiteRunnerWorker.java:53)
at org.testng.SuiteRunnerWorker.run(SuiteRunnerWorker.java:96)
at org.testng.TestNG.runSuitesSequentially(TestNG.java:1212)
at org.testng.TestNG.runSuitesLocally(TestNG.java:1134)
at org.testng.TestNG.runSuites(TestNG.java:1063)
at org.testng.TestNG.run(TestNG.java:1031)
at org.testng.remote.AbstractRemoteTestNG.run(AbstractRemoteTestNG.java:115)
at org.testng.remote.RemoteTestNG.initAndRun(RemoteTestNG.java:251)
at org.testng.remote.RemoteTestNG.main(RemoteTestNG.java:77)
]]>
            </full-stacktrace>
          </exception> <!-- io.cucumber.core.runner.DuplicateStepDefinitionException -->
          <reporter-output>
          </reporter-output>
        </test-method> <!-- Scenario -->
        <test-method is-config="true" signature="setUpClass()[pri:0, instance:com.runner.UnacademyRunner@740cae06]" started-at="2022-03-23T00:41:10 IST" name="setUpClass" finished-at="2022-03-23T00:41:10 IST" duration-ms="1" status="PASS">
          <reporter-output>
          </reporter-output>
        </test-method> <!-- setUpClass -->
        <test-method signature="Scenario(io.cucumber.testng.PickleWrapper,io.cucumber.testng.FeatureWrapper)[pri:0, instance:com.runner.UnacademyRunner@740cae06]" started-at="2022-03-23T00:41:10 IST" name="Scenario" description="Runs Cucumber Feature" data-provider="Scenarios" finished-at="2022-03-23T00:41:10 IST" duration-ms="8" status="FAIL">
          <params>
            <param index="0">
              <value>
                <![CDATA["validate login button is working"]]>
              </value>
            </param>
            <param index="1">
              <value>
                <![CDATA["Optional[verification of login button in Home page]"]]>
              </value>
            </param>
          </params>
          <exception class="io.cucumber.core.runner.DuplicateStepDefinitionException">
            <message>
              <![CDATA[Duplicate step definitions in com.StepDefinition.StepDefinition_1_UnacademyTest.select_age_group() and com.StepDefinition.StepDefinition_1_UnacademyTestTest.select_age_group()]]>
            </message>
            <full-stacktrace>
              <![CDATA[io.cucumber.core.runner.DuplicateStepDefinitionException: Duplicate step definitions in com.StepDefinition.StepDefinition_1_UnacademyTest.select_age_group() and com.StepDefinition.StepDefinition_1_UnacademyTestTest.select_age_group()
at io.cucumber.core.runner.CachingGlue.lambda$prepareGlue$3(CachingGlue.java:277)
at java.base/java.util.ArrayList.forEach(ArrayList.java:1511)
at io.cucumber.core.runner.CachingGlue.prepareGlue(CachingGlue.java:271)
at io.cucumber.core.runner.Runner.runPickle(Runner.java:72)
at io.cucumber.testng.TestNGCucumberRunner.lambda$runScenario$1(TestNGCucumberRunner.java:132)
at io.cucumber.core.runtime.CucumberExecutionContext.lambda$runTestCase$3(CucumberExecutionContext.java:151)
at io.cucumber.core.runtime.RethrowingThrowableCollector.executeAndThrow(RethrowingThrowableCollector.java:23)
at io.cucumber.core.runtime.CucumberExecutionContext.runTestCase(CucumberExecutionContext.java:151)
at io.cucumber.testng.TestNGCucumberRunner.runScenario(TestNGCucumberRunner.java:129)
at com.runner.UnacademyRunner.Scenario(UnacademyRunner.java:62)
at java.base/jdk.internal.reflect.NativeMethodAccessorImpl.invoke0(Native Method)
at java.base/jdk.internal.reflect.NativeMethodAccessorImpl.invoke(NativeMethodAccessorImpl.java:77)
at java.base/jdk.internal.reflect.DelegatingMethodAccessorImpl.invoke(DelegatingMethodAccessorImpl.java:43)
at java.base/java.lang.reflect.Method.invoke(Method.java:568)
at org.testng.internal.MethodInvocationHelper.invokeMethod(MethodInvocationHelper.java:133)
at org.testng.internal.TestInvoker.invokeMethod(TestInvoker.java:598)
at org.testng.internal.TestInvoker.invokeTestMethod(TestInvoker.java:173)
at org.testng.internal.MethodRunner.runInSequence(MethodRunner.java:46)
at org.testng.internal.TestInvoker$MethodInvocationAgent.invoke(TestInvoker.java:824)
at org.testng.internal.TestInvoker.invokeTestMethods(TestInvoker.java:146)
at org.testng.internal.TestMethodWorker.invokeTestMethods(TestMethodWorker.java:146)
at org.testng.internal.TestMethodWorker.run(TestMethodWorker.java:128)
at java.base/java.util.ArrayList.forEach(ArrayList.java:1511)
at org.testng.TestRunner.privateRun(TestRunner.java:794)
at org.testng.TestRunner.run(TestRunner.java:596)
at org.testng.SuiteRunner.runTest(SuiteRunner.java:377)
at org.testng.SuiteRunner.runSequentially(SuiteRunner.java:371)
at org.testng.SuiteRunner.privateRun(SuiteRunner.java:332)
at org.testng.SuiteRunner.run(SuiteRunner.java:276)
at org.testng.SuiteRunnerWorker.runSuite(SuiteRunnerWorker.java:53)
at org.testng.SuiteRunnerWorker.run(SuiteRunnerWorker.java:96)
at org.testng.TestNG.runSuitesSequentially(TestNG.java:1212)
at org.testng.TestNG.runSuitesLocally(TestNG.java:1134)
at org.testng.TestNG.runSuites(TestNG.java:1063)
at org.testng.TestNG.run(TestNG.java:1031)
at org.testng.remote.AbstractRemoteTestNG.run(AbstractRemoteTestNG.java:115)
at org.testng.remote.RemoteTestNG.initAndRun(RemoteTestNG.java:251)
at org.testng.remote.RemoteTestNG.main(RemoteTestNG.java:77)
]]>
            </full-stacktrace>
          </exception> <!-- io.cucumber.core.runner.DuplicateStepDefinitionException -->
          <reporter-output>
          </reporter-output>
        </test-method> <!-- Scenario -->
        <test-method is-config="true" signature="setUpClass()[pri:0, instance:com.runner.UnacademyRunner@740cae06]" started-at="2022-03-23T00:41:10 IST" name="setUpClass" finished-at="2022-03-23T00:41:10 IST" duration-ms="1" status="PASS">
          <reporter-output>
          </reporter-output>
        </test-method> <!-- setUpClass -->
        <test-method signature="Scenario(io.cucumber.testng.PickleWrapper,io.cucumber.testng.FeatureWrapper)[pri:0, instance:com.runner.UnacademyRunner@740cae06]" started-at="2022-03-23T00:41:10 IST" name="Scenario" description="Runs Cucumber Feature" data-provider="Scenarios" finished-at="2022-03-23T00:41:10 IST" duration-ms="8" status="FAIL">
          <params>
            <param index="0">
              <value>
                <![CDATA["Test with valid credential"]]>
              </value>
            </param>
            <param index="1">
              <value>
                <![CDATA["Optional[login functionality For the first user]"]]>
              </value>
            </param>
          </params>
          <exception class="io.cucumber.core.runner.DuplicateStepDefinitionException">
            <message>
              <![CDATA[Duplicate step definitions in com.StepDefinition.StepDefinition_1_UnacademyTest.select_age_group() and com.StepDefinition.StepDefinition_1_UnacademyTestTest.select_age_group()]]>
            </message>
            <full-stacktrace>
              <![CDATA[io.cucumber.core.runner.DuplicateStepDefinitionException: Duplicate step definitions in com.StepDefinition.StepDefinition_1_UnacademyTest.select_age_group() and com.StepDefinition.StepDefinition_1_UnacademyTestTest.select_age_group()
at io.cucumber.core.runner.CachingGlue.lambda$prepareGlue$3(CachingGlue.java:277)
at java.base/java.util.ArrayList.forEach(ArrayList.java:1511)
at io.cucumber.core.runner.CachingGlue.prepareGlue(CachingGlue.java:271)
at io.cucumber.core.runner.Runner.runPickle(Runner.java:72)
at io.cucumber.testng.TestNGCucumberRunner.lambda$runScenario$1(TestNGCucumberRunner.java:132)
at io.cucumber.core.runtime.CucumberExecutionContext.lambda$runTestCase$3(CucumberExecutionContext.java:151)
at io.cucumber.core.runtime.RethrowingThrowableCollector.executeAndThrow(RethrowingThrowableCollector.java:23)
at io.cucumber.core.runtime.CucumberExecutionContext.runTestCase(CucumberExecutionContext.java:151)
at io.cucumber.testng.TestNGCucumberRunner.runScenario(TestNGCucumberRunner.java:129)
at com.runner.UnacademyRunner.Scenario(UnacademyRunner.java:62)
at java.base/jdk.internal.reflect.NativeMethodAccessorImpl.invoke0(Native Method)
at java.base/jdk.internal.reflect.NativeMethodAccessorImpl.invoke(NativeMethodAccessorImpl.java:77)
at java.base/jdk.internal.reflect.DelegatingMethodAccessorImpl.invoke(DelegatingMethodAccessorImpl.java:43)
at java.base/java.lang.reflect.Method.invoke(Method.java:568)
at org.testng.internal.MethodInvocationHelper.invokeMethod(MethodInvocationHelper.java:133)
at org.testng.internal.TestInvoker.invokeMethod(TestInvoker.java:598)
at org.testng.internal.TestInvoker.invokeTestMethod(TestInvoker.java:173)
at org.testng.internal.MethodRunner.runInSequence(MethodRunner.java:46)
at org.testng.internal.TestInvoker$MethodInvocationAgent.invoke(TestInvoker.java:824)
at org.testng.internal.TestInvoker.invokeTestMethods(TestInvoker.java:146)
at org.testng.internal.TestMethodWorker.invokeTestMethods(TestMethodWorker.java:146)
at org.testng.internal.TestMethodWorker.run(TestMethodWorker.java:128)
at java.base/java.util.ArrayList.forEach(ArrayList.java:1511)
at org.testng.TestRunner.privateRun(TestRunner.java:794)
at org.testng.TestRunner.run(TestRunner.java:596)
at org.testng.SuiteRunner.runTest(SuiteRunner.java:377)
at org.testng.SuiteRunner.runSequentially(SuiteRunner.java:371)
at org.testng.SuiteRunner.privateRun(SuiteRunner.java:332)
at org.testng.SuiteRunner.run(SuiteRunner.java:276)
at org.testng.SuiteRunnerWorker.runSuite(SuiteRunnerWorker.java:53)
at org.testng.SuiteRunnerWorker.run(SuiteRunnerWorker.java:96)
at org.testng.TestNG.runSuitesSequentially(TestNG.java:1212)
at org.testng.TestNG.runSuitesLocally(TestNG.java:1134)
at org.testng.TestNG.runSuites(TestNG.java:1063)
at org.testng.TestNG.run(TestNG.java:1031)
at org.testng.remote.AbstractRemoteTestNG.run(AbstractRemoteTestNG.java:115)
at org.testng.remote.RemoteTestNG.initAndRun(RemoteTestNG.java:251)
at org.testng.remote.RemoteTestNG.main(RemoteTestNG.java:77)
]]>
            </full-stacktrace>
          </exception> <!-- io.cucumber.core.runner.DuplicateStepDefinitionException -->
          <reporter-output>
          </reporter-output>
        </test-method> <!-- Scenario -->
        <test-method is-config="true" signature="setUpClass()[pri:0, instance:com.runner.UnacademyRunner@740cae06]" started-at="2022-03-23T00:41:10 IST" name="setUpClass" finished-at="2022-03-23T00:41:10 IST" duration-ms="0" status="PASS">
          <reporter-output>
          </reporter-output>
        </test-method> <!-- setUpClass -->
        <test-method signature="Scenario(io.cucumber.testng.PickleWrapper,io.cucumber.testng.FeatureWrapper)[pri:0, instance:com.runner.UnacademyRunner@740cae06]" started-at="2022-03-23T00:41:10 IST" name="Scenario" description="Runs Cucumber Feature" data-provider="Scenarios" finished-at="2022-03-23T00:41:10 IST" duration-ms="8" status="FAIL">
          <params>
            <param index="0">
              <value>
                <![CDATA[""]]>
              </value>
            </param>
            <param index="1">
              <value>
                <![CDATA["Optional[Test email link]"]]>
              </value>
            </param>
          </params>
          <exception class="io.cucumber.core.runner.DuplicateStepDefinitionException">
            <message>
              <![CDATA[Duplicate step definitions in com.StepDefinition.StepDefinition_1_UnacademyTest.select_age_group() and com.StepDefinition.StepDefinition_1_UnacademyTestTest.select_age_group()]]>
            </message>
            <full-stacktrace>
              <![CDATA[io.cucumber.core.runner.DuplicateStepDefinitionException: Duplicate step definitions in com.StepDefinition.StepDefinition_1_UnacademyTest.select_age_group() and com.StepDefinition.StepDefinition_1_UnacademyTestTest.select_age_group()
at io.cucumber.core.runner.CachingGlue.lambda$prepareGlue$3(CachingGlue.java:277)
at java.base/java.util.ArrayList.forEach(ArrayList.java:1511)
at io.cucumber.core.runner.CachingGlue.prepareGlue(CachingGlue.java:271)
at io.cucumber.core.runner.Runner.runPickle(Runner.java:72)
at io.cucumber.testng.TestNGCucumberRunner.lambda$runScenario$1(TestNGCucumberRunner.java:132)
at io.cucumber.core.runtime.CucumberExecutionContext.lambda$runTestCase$3(CucumberExecutionContext.java:151)
at io.cucumber.core.runtime.RethrowingThrowableCollector.executeAndThrow(RethrowingThrowableCollector.java:23)
at io.cucumber.core.runtime.CucumberExecutionContext.runTestCase(CucumberExecutionContext.java:151)
at io.cucumber.testng.TestNGCucumberRunner.runScenario(TestNGCucumberRunner.java:129)
at com.runner.UnacademyRunner.Scenario(UnacademyRunner.java:62)
at java.base/jdk.internal.reflect.NativeMethodAccessorImpl.invoke0(Native Method)
at java.base/jdk.internal.reflect.NativeMethodAccessorImpl.invoke(NativeMethodAccessorImpl.java:77)
at java.base/jdk.internal.reflect.DelegatingMethodAccessorImpl.invoke(DelegatingMethodAccessorImpl.java:43)
at java.base/java.lang.reflect.Method.invoke(Method.java:568)
at org.testng.internal.MethodInvocationHelper.invokeMethod(MethodInvocationHelper.java:133)
at org.testng.internal.TestInvoker.invokeMethod(TestInvoker.java:598)
at org.testng.internal.TestInvoker.invokeTestMethod(TestInvoker.java:173)
at org.testng.internal.MethodRunner.runInSequence(MethodRunner.java:46)
at org.testng.internal.TestInvoker$MethodInvocationAgent.invoke(TestInvoker.java:824)
at org.testng.internal.TestInvoker.invokeTestMethods(TestInvoker.java:146)
at org.testng.internal.TestMethodWorker.invokeTestMethods(TestMethodWorker.java:146)
at org.testng.internal.TestMethodWorker.run(TestMethodWorker.java:128)
at java.base/java.util.ArrayList.forEach(ArrayList.java:1511)
at org.testng.TestRunner.privateRun(TestRunner.java:794)
at org.testng.TestRunner.run(TestRunner.java:596)
at org.testng.SuiteRunner.runTest(SuiteRunner.java:377)
at org.testng.SuiteRunner.runSequentially(SuiteRunner.java:371)
at org.testng.SuiteRunner.privateRun(SuiteRunner.java:332)
at org.testng.SuiteRunner.run(SuiteRunner.java:276)
at org.testng.SuiteRunnerWorker.runSuite(SuiteRunnerWorker.java:53)
at org.testng.SuiteRunnerWorker.run(SuiteRunnerWorker.java:96)
at org.testng.TestNG.runSuitesSequentially(TestNG.java:1212)
at org.testng.TestNG.runSuitesLocally(TestNG.java:1134)
at org.testng.TestNG.runSuites(TestNG.java:1063)
at org.testng.TestNG.run(TestNG.java:1031)
at org.testng.remote.AbstractRemoteTestNG.run(AbstractRemoteTestNG.java:115)
at org.testng.remote.RemoteTestNG.initAndRun(RemoteTestNG.java:251)
at org.testng.remote.RemoteTestNG.main(RemoteTestNG.java:77)
]]>
            </full-stacktrace>
          </exception> <!-- io.cucumber.core.runner.DuplicateStepDefinitionException -->
          <reporter-output>
          </reporter-output>
        </test-method> <!-- Scenario -->
        <test-method is-config="true" signature="setUpClass()[pri:0, instance:com.runner.UnacademyRunner@740cae06]" started-at="2022-03-23T00:41:10 IST" name="setUpClass" finished-at="2022-03-23T00:41:10 IST" duration-ms="1" status="PASS">
          <reporter-output>
          </reporter-output>
        </test-method> <!-- setUpClass -->
        <test-method signature="Scenario(io.cucumber.testng.PickleWrapper,io.cucumber.testng.FeatureWrapper)[pri:0, instance:com.runner.UnacademyRunner@740cae06]" started-at="2022-03-23T00:41:10 IST" name="Scenario" description="Runs Cucumber Feature" data-provider="Scenarios" finished-at="2022-03-23T00:41:10 IST" duration-ms="10" status="FAIL">
          <params>
            <param index="0">
              <value>
                <![CDATA[""]]>
              </value>
            </param>
            <param index="1">
              <value>
                <![CDATA["Optional[Resend OTP button functionality]"]]>
              </value>
            </param>
          </params>
          <exception class="io.cucumber.core.runner.DuplicateStepDefinitionException">
            <message>
              <![CDATA[Duplicate step definitions in com.StepDefinition.StepDefinition_1_UnacademyTest.select_age_group() and com.StepDefinition.StepDefinition_1_UnacademyTestTest.select_age_group()]]>
            </message>
            <full-stacktrace>
              <![CDATA[io.cucumber.core.runner.DuplicateStepDefinitionException: Duplicate step definitions in com.StepDefinition.StepDefinition_1_UnacademyTest.select_age_group() and com.StepDefinition.StepDefinition_1_UnacademyTestTest.select_age_group()
at io.cucumber.core.runner.CachingGlue.lambda$prepareGlue$3(CachingGlue.java:277)
at java.base/java.util.ArrayList.forEach(ArrayList.java:1511)
at io.cucumber.core.runner.CachingGlue.prepareGlue(CachingGlue.java:271)
at io.cucumber.core.runner.Runner.runPickle(Runner.java:72)
at io.cucumber.testng.TestNGCucumberRunner.lambda$runScenario$1(TestNGCucumberRunner.java:132)
at io.cucumber.core.runtime.CucumberExecutionContext.lambda$runTestCase$3(CucumberExecutionContext.java:151)
at io.cucumber.core.runtime.RethrowingThrowableCollector.executeAndThrow(RethrowingThrowableCollector.java:23)
at io.cucumber.core.runtime.CucumberExecutionContext.runTestCase(CucumberExecutionContext.java:151)
at io.cucumber.testng.TestNGCucumberRunner.runScenario(TestNGCucumberRunner.java:129)
at com.runner.UnacademyRunner.Scenario(UnacademyRunner.java:62)
at java.base/jdk.internal.reflect.NativeMethodAccessorImpl.invoke0(Native Method)
at java.base/jdk.internal.reflect.NativeMethodAccessorImpl.invoke(NativeMethodAccessorImpl.java:77)
at java.base/jdk.internal.reflect.DelegatingMethodAccessorImpl.invoke(DelegatingMethodAccessorImpl.java:43)
at java.base/java.lang.reflect.Method.invoke(Method.java:568)
at org.testng.internal.MethodInvocationHelper.invokeMethod(MethodInvocationHelper.java:133)
at org.testng.internal.TestInvoker.invokeMethod(TestInvoker.java:598)
at org.testng.internal.TestInvoker.invokeTestMethod(TestInvoker.java:173)
at org.testng.internal.MethodRunner.runInSequence(MethodRunner.java:46)
at org.testng.internal.TestInvoker$MethodInvocationAgent.invoke(TestInvoker.java:824)
at org.testng.internal.TestInvoker.invokeTestMethods(TestInvoker.java:146)
at org.testng.internal.TestMethodWorker.invokeTestMethods(TestMethodWorker.java:146)
at org.testng.internal.TestMethodWorker.run(TestMethodWorker.java:128)
at java.base/java.util.ArrayList.forEach(ArrayList.java:1511)
at org.testng.TestRunner.privateRun(TestRunner.java:794)
at org.testng.TestRunner.run(TestRunner.java:596)
at org.testng.SuiteRunner.runTest(SuiteRunner.java:377)
at org.testng.SuiteRunner.runSequentially(SuiteRunner.java:371)
at org.testng.SuiteRunner.privateRun(SuiteRunner.java:332)
at org.testng.SuiteRunner.run(SuiteRunner.java:276)
at org.testng.SuiteRunnerWorker.runSuite(SuiteRunnerWorker.java:53)
at org.testng.SuiteRunnerWorker.run(SuiteRunnerWorker.java:96)
at org.testng.TestNG.runSuitesSequentially(TestNG.java:1212)
at org.testng.TestNG.runSuitesLocally(TestNG.java:1134)
at org.testng.TestNG.runSuites(TestNG.java:1063)
at org.testng.TestNG.run(TestNG.java:1031)
at org.testng.remote.AbstractRemoteTestNG.run(AbstractRemoteTestNG.java:115)
at org.testng.remote.RemoteTestNG.initAndRun(RemoteTestNG.java:251)
at org.testng.remote.RemoteTestNG.main(RemoteTestNG.java:77)
]]>
            </full-stacktrace>
          </exception> <!-- io.cucumber.core.runner.DuplicateStepDefinitionException -->
          <reporter-output>
          </reporter-output>
        </test-method> <!-- Scenario -->
        <test-method signature="Scenario(io.cucumber.testng.PickleWrapper,io.cucumber.testng.FeatureWrapper)[pri:0, instance:com.runner.UnacademyRunner@740cae06]" started-at="2022-03-23T00:41:10 IST" name="Scenario" description="Runs Cucumber Feature" data-provider="Scenarios" finished-at="2022-03-23T00:41:10 IST" duration-ms="9" status="FAIL">
          <params>
            <param index="0">
              <value>
                <![CDATA["user is able to login"]]>
              </value>
            </param>
            <param index="1">
              <value>
                <![CDATA["Optional[login functionality for registered mobaile]"]]>
              </value>
            </param>
          </params>
          <exception class="io.cucumber.core.runner.DuplicateStepDefinitionException">
            <message>
              <![CDATA[Duplicate step definitions in com.StepDefinition.StepDefinition_1_UnacademyTest.select_age_group() and com.StepDefinition.StepDefinition_1_UnacademyTestTest.select_age_group()]]>
            </message>
            <full-stacktrace>
              <![CDATA[io.cucumber.core.runner.DuplicateStepDefinitionException: Duplicate step definitions in com.StepDefinition.StepDefinition_1_UnacademyTest.select_age_group() and com.StepDefinition.StepDefinition_1_UnacademyTestTest.select_age_group()
at io.cucumber.core.runner.CachingGlue.lambda$prepareGlue$3(CachingGlue.java:277)
at java.base/java.util.ArrayList.forEach(ArrayList.java:1511)
at io.cucumber.core.runner.CachingGlue.prepareGlue(CachingGlue.java:271)
at io.cucumber.core.runner.Runner.runPickle(Runner.java:72)
at io.cucumber.testng.TestNGCucumberRunner.lambda$runScenario$1(TestNGCucumberRunner.java:132)
at io.cucumber.core.runtime.CucumberExecutionContext.lambda$runTestCase$3(CucumberExecutionContext.java:151)
at io.cucumber.core.runtime.RethrowingThrowableCollector.executeAndThrow(RethrowingThrowableCollector.java:23)
at io.cucumber.core.runtime.CucumberExecutionContext.runTestCase(CucumberExecutionContext.java:151)
at io.cucumber.testng.TestNGCucumberRunner.runScenario(TestNGCucumberRunner.java:129)
at com.runner.UnacademyRunner.Scenario(UnacademyRunner.java:62)
at java.base/jdk.internal.reflect.NativeMethodAccessorImpl.invoke0(Native Method)
at java.base/jdk.internal.reflect.NativeMethodAccessorImpl.invoke(NativeMethodAccessorImpl.java:77)
at java.base/jdk.internal.reflect.DelegatingMethodAccessorImpl.invoke(DelegatingMethodAccessorImpl.java:43)
at java.base/java.lang.reflect.Method.invoke(Method.java:568)
at org.testng.internal.MethodInvocationHelper.invokeMethod(MethodInvocationHelper.java:133)
at org.testng.internal.TestInvoker.invokeMethod(TestInvoker.java:598)
at org.testng.internal.TestInvoker.invokeTestMethod(TestInvoker.java:173)
at org.testng.internal.MethodRunner.runInSequence(MethodRunner.java:46)
at org.testng.internal.TestInvoker$MethodInvocationAgent.invoke(TestInvoker.java:824)
at org.testng.internal.TestInvoker.invokeTestMethods(TestInvoker.java:146)
at org.testng.internal.TestMethodWorker.invokeTestMethods(TestMethodWorker.java:146)
at org.testng.internal.TestMethodWorker.run(TestMethodWorker.java:128)
at java.base/java.util.ArrayList.forEach(ArrayList.java:1511)
at org.testng.TestRunner.privateRun(TestRunner.java:794)
at org.testng.TestRunner.run(TestRunner.java:596)
at org.testng.SuiteRunner.runTest(SuiteRunner.java:377)
at org.testng.SuiteRunner.runSequentially(SuiteRunner.java:371)
at org.testng.SuiteRunner.privateRun(SuiteRunner.java:332)
at org.testng.SuiteRunner.run(SuiteRunner.java:276)
at org.testng.SuiteRunnerWorker.runSuite(SuiteRunnerWorker.java:53)
at org.testng.SuiteRunnerWorker.run(SuiteRunnerWorker.java:96)
at org.testng.TestNG.runSuitesSequentially(TestNG.java:1212)
at org.testng.TestNG.runSuitesLocally(TestNG.java:1134)
at org.testng.TestNG.runSuites(TestNG.java:1063)
at org.testng.TestNG.run(TestNG.java:1031)
at org.testng.remote.AbstractRemoteTestNG.run(AbstractRemoteTestNG.java:115)
at org.testng.remote.RemoteTestNG.initAndRun(RemoteTestNG.java:251)
at org.testng.remote.RemoteTestNG.main(RemoteTestNG.java:77)
]]>
            </full-stacktrace>
          </exception> <!-- io.cucumber.core.runner.DuplicateStepDefinitionException -->
          <reporter-output>
          </reporter-output>
        </test-method> <!-- Scenario -->
        <test-method is-config="true" signature="setUpClass()[pri:0, instance:com.runner.UnacademyRunner@740cae06]" started-at="2022-03-23T00:41:10 IST" name="setUpClass" finished-at="2022-03-23T00:41:10 IST" duration-ms="0" status="PASS">
          <reporter-output>
          </reporter-output>
        </test-method> <!-- setUpClass -->
        <test-method is-config="true" signature="setUpClass()[pri:0, instance:com.runner.UnacademyRunner@740cae06]" started-at="2022-03-23T00:41:10 IST" name="setUpClass" finished-at="2022-03-23T00:41:10 IST" duration-ms="0" status="PASS">
          <reporter-output>
          </reporter-output>
        </test-method> <!-- setUpClass -->
        <test-method signature="Scenario(io.cucumber.testng.PickleWrapper,io.cucumber.testng.FeatureWrapper)[pri:0, instance:com.runner.UnacademyRunner@740cae06]" started-at="2022-03-23T00:41:10 IST" name="Scenario" description="Runs Cucumber Feature" data-provider="Scenarios" finished-at="2022-03-23T00:41:10 IST" duration-ms="8" status="FAIL">
          <params>
            <param index="0">
              <value>
                <![CDATA["user is able to logout"]]>
              </value>
            </param>
            <param index="1">
              <value>
                <![CDATA["Optional[login functionality for registered mobaile]"]]>
              </value>
            </param>
          </params>
          <exception class="io.cucumber.core.runner.DuplicateStepDefinitionException">
            <message>
              <![CDATA[Duplicate step definitions in com.StepDefinition.StepDefinition_1_UnacademyTest.select_age_group() and com.StepDefinition.StepDefinition_1_UnacademyTestTest.select_age_group()]]>
            </message>
            <full-stacktrace>
              <![CDATA[io.cucumber.core.runner.DuplicateStepDefinitionException: Duplicate step definitions in com.StepDefinition.StepDefinition_1_UnacademyTest.select_age_group() and com.StepDefinition.StepDefinition_1_UnacademyTestTest.select_age_group()
at io.cucumber.core.runner.CachingGlue.lambda$prepareGlue$3(CachingGlue.java:277)
at java.base/java.util.ArrayList.forEach(ArrayList.java:1511)
at io.cucumber.core.runner.CachingGlue.prepareGlue(CachingGlue.java:271)
at io.cucumber.core.runner.Runner.runPickle(Runner.java:72)
at io.cucumber.testng.TestNGCucumberRunner.lambda$runScenario$1(TestNGCucumberRunner.java:132)
at io.cucumber.core.runtime.CucumberExecutionContext.lambda$runTestCase$3(CucumberExecutionContext.java:151)
at io.cucumber.core.runtime.RethrowingThrowableCollector.executeAndThrow(RethrowingThrowableCollector.java:23)
at io.cucumber.core.runtime.CucumberExecutionContext.runTestCase(CucumberExecutionContext.java:151)
at io.cucumber.testng.TestNGCucumberRunner.runScenario(TestNGCucumberRunner.java:129)
at com.runner.UnacademyRunner.Scenario(UnacademyRunner.java:62)
at java.base/jdk.internal.reflect.NativeMethodAccessorImpl.invoke0(Native Method)
at java.base/jdk.internal.reflect.NativeMethodAccessorImpl.invoke(NativeMethodAccessorImpl.java:77)
at java.base/jdk.internal.reflect.DelegatingMethodAccessorImpl.invoke(DelegatingMethodAccessorImpl.java:43)
at java.base/java.lang.reflect.Method.invoke(Method.java:568)
at org.testng.internal.MethodInvocationHelper.invokeMethod(MethodInvocationHelper.java:133)
at org.testng.internal.TestInvoker.invokeMethod(TestInvoker.java:598)
at org.testng.internal.TestInvoker.invokeTestMethod(TestInvoker.java:173)
at org.testng.internal.MethodRunner.runInSequence(MethodRunner.java:46)
at org.testng.internal.TestInvoker$MethodInvocationAgent.invoke(TestInvoker.java:824)
at org.testng.internal.TestInvoker.invokeTestMethods(TestInvoker.java:146)
at org.testng.internal.TestMethodWorker.invokeTestMethods(TestMethodWorker.java:146)
at org.testng.internal.TestMethodWorker.run(TestMethodWorker.java:128)
at java.base/java.util.ArrayList.forEach(ArrayList.java:1511)
at org.testng.TestRunner.privateRun(TestRunner.java:794)
at org.testng.TestRunner.run(TestRunner.java:596)
at org.testng.SuiteRunner.runTest(SuiteRunner.java:377)
at org.testng.SuiteRunner.runSequentially(SuiteRunner.java:371)
at org.testng.SuiteRunner.privateRun(SuiteRunner.java:332)
at org.testng.SuiteRunner.run(SuiteRunner.java:276)
at org.testng.SuiteRunnerWorker.runSuite(SuiteRunnerWorker.java:53)
at org.testng.SuiteRunnerWorker.run(SuiteRunnerWorker.java:96)
at org.testng.TestNG.runSuitesSequentially(TestNG.java:1212)
at org.testng.TestNG.runSuitesLocally(TestNG.java:1134)
at org.testng.TestNG.runSuites(TestNG.java:1063)
at org.testng.TestNG.run(TestNG.java:1031)
at org.testng.remote.AbstractRemoteTestNG.run(AbstractRemoteTestNG.java:115)
at org.testng.remote.RemoteTestNG.initAndRun(RemoteTestNG.java:251)
at org.testng.remote.RemoteTestNG.main(RemoteTestNG.java:77)
]]>
            </full-stacktrace>
          </exception> <!-- io.cucumber.core.runner.DuplicateStepDefinitionException -->
          <reporter-output>
          </reporter-output>
        </test-method> <!-- Scenario -->
        <test-method signature="Scenario(io.cucumber.testng.PickleWrapper,io.cucumber.testng.FeatureWrapper)[pri:0, instance:com.runner.UnacademyRunner@740cae06]" started-at="2022-03-23T00:41:10 IST" name="Scenario" description="Runs Cucumber Feature" data-provider="Scenarios" finished-at="2022-03-23T00:41:10 IST" duration-ms="9" status="FAIL">
          <params>
            <param index="0">
              <value>
                <![CDATA["To validate the appearance of search icon in header part of the screen"]]>
              </value>
            </param>
            <param index="1">
              <value>
                <![CDATA["Optional[Verification of Search Bar appearance]"]]>
              </value>
            </param>
          </params>
          <exception class="io.cucumber.core.runner.DuplicateStepDefinitionException">
            <message>
              <![CDATA[Duplicate step definitions in com.StepDefinition.StepDefinition_1_UnacademyTest.select_age_group() and com.StepDefinition.StepDefinition_1_UnacademyTestTest.select_age_group()]]>
            </message>
            <full-stacktrace>
              <![CDATA[io.cucumber.core.runner.DuplicateStepDefinitionException: Duplicate step definitions in com.StepDefinition.StepDefinition_1_UnacademyTest.select_age_group() and com.StepDefinition.StepDefinition_1_UnacademyTestTest.select_age_group()
at io.cucumber.core.runner.CachingGlue.lambda$prepareGlue$3(CachingGlue.java:277)
at java.base/java.util.ArrayList.forEach(ArrayList.java:1511)
at io.cucumber.core.runner.CachingGlue.prepareGlue(CachingGlue.java:271)
at io.cucumber.core.runner.Runner.runPickle(Runner.java:72)
at io.cucumber.testng.TestNGCucumberRunner.lambda$runScenario$1(TestNGCucumberRunner.java:132)
at io.cucumber.core.runtime.CucumberExecutionContext.lambda$runTestCase$3(CucumberExecutionContext.java:151)
at io.cucumber.core.runtime.RethrowingThrowableCollector.executeAndThrow(RethrowingThrowableCollector.java:23)
at io.cucumber.core.runtime.CucumberExecutionContext.runTestCase(CucumberExecutionContext.java:151)
at io.cucumber.testng.TestNGCucumberRunner.runScenario(TestNGCucumberRunner.java:129)
at com.runner.UnacademyRunner.Scenario(UnacademyRunner.java:62)
at java.base/jdk.internal.reflect.NativeMethodAccessorImpl.invoke0(Native Method)
at java.base/jdk.internal.reflect.NativeMethodAccessorImpl.invoke(NativeMethodAccessorImpl.java:77)
at java.base/jdk.internal.reflect.DelegatingMethodAccessorImpl.invoke(DelegatingMethodAccessorImpl.java:43)
at java.base/java.lang.reflect.Method.invoke(Method.java:568)
at org.testng.internal.MethodInvocationHelper.invokeMethod(MethodInvocationHelper.java:133)
at org.testng.internal.TestInvoker.invokeMethod(TestInvoker.java:598)
at org.testng.internal.TestInvoker.invokeTestMethod(TestInvoker.java:173)
at org.testng.internal.MethodRunner.runInSequence(MethodRunner.java:46)
at org.testng.internal.TestInvoker$MethodInvocationAgent.invoke(TestInvoker.java:824)
at org.testng.internal.TestInvoker.invokeTestMethods(TestInvoker.java:146)
at org.testng.internal.TestMethodWorker.invokeTestMethods(TestMethodWorker.java:146)
at org.testng.internal.TestMethodWorker.run(TestMethodWorker.java:128)
at java.base/java.util.ArrayList.forEach(ArrayList.java:1511)
at org.testng.TestRunner.privateRun(TestRunner.java:794)
at org.testng.TestRunner.run(TestRunner.java:596)
at org.testng.SuiteRunner.runTest(SuiteRunner.java:377)
at org.testng.SuiteRunner.runSequentially(SuiteRunner.java:371)
at org.testng.SuiteRunner.privateRun(SuiteRunner.java:332)
at org.testng.SuiteRunner.run(SuiteRunner.java:276)
at org.testng.SuiteRunnerWorker.runSuite(SuiteRunnerWorker.java:53)
at org.testng.SuiteRunnerWorker.run(SuiteRunnerWorker.java:96)
at org.testng.TestNG.runSuitesSequentially(TestNG.java:1212)
at org.testng.TestNG.runSuitesLocally(TestNG.java:1134)
at org.testng.TestNG.runSuites(TestNG.java:1063)
at org.testng.TestNG.run(TestNG.java:1031)
at org.testng.remote.AbstractRemoteTestNG.run(AbstractRemoteTestNG.java:115)
at org.testng.remote.RemoteTestNG.initAndRun(RemoteTestNG.java:251)
at org.testng.remote.RemoteTestNG.main(RemoteTestNG.java:77)
]]>
            </full-stacktrace>
          </exception> <!-- io.cucumber.core.runner.DuplicateStepDefinitionException -->
          <reporter-output>
          </reporter-output>
        </test-method> <!-- Scenario -->
        <test-method is-config="true" signature="setUpClass()[pri:0, instance:com.runner.UnacademyRunner@740cae06]" started-at="2022-03-23T00:41:10 IST" name="setUpClass" finished-at="2022-03-23T00:41:10 IST" duration-ms="0" status="PASS">
          <reporter-output>
          </reporter-output>
        </test-method> <!-- setUpClass -->
        <test-method is-config="true" signature="setUpClass()[pri:0, instance:com.runner.UnacademyRunner@740cae06]" started-at="2022-03-23T00:41:10 IST" name="setUpClass" finished-at="2022-03-23T00:41:10 IST" duration-ms="1" status="PASS">
          <reporter-output>
          </reporter-output>
        </test-method> <!-- setUpClass -->
        <test-method signature="Scenario(io.cucumber.testng.PickleWrapper,io.cucumber.testng.FeatureWrapper)[pri:0, instance:com.runner.UnacademyRunner@740cae06]" started-at="2022-03-23T00:41:10 IST" name="Scenario" description="Runs Cucumber Feature" data-provider="Scenarios" finished-at="2022-03-23T00:41:11 IST" duration-ms="12" status="FAIL">
          <params>
            <param index="0">
              <value>
                <![CDATA["To validate the appearance of Search bar after clicking on search icon in the header part of the screen"]]>
              </value>
            </param>
            <param index="1">
              <value>
                <![CDATA["Optional[Verification of Search Bar appearance]"]]>
              </value>
            </param>
          </params>
          <exception class="io.cucumber.core.runner.DuplicateStepDefinitionException">
            <message>
              <![CDATA[Duplicate step definitions in com.StepDefinition.StepDefinition_1_UnacademyTest.select_age_group() and com.StepDefinition.StepDefinition_1_UnacademyTestTest.select_age_group()]]>
            </message>
            <full-stacktrace>
              <![CDATA[io.cucumber.core.runner.DuplicateStepDefinitionException: Duplicate step definitions in com.StepDefinition.StepDefinition_1_UnacademyTest.select_age_group() and com.StepDefinition.StepDefinition_1_UnacademyTestTest.select_age_group()
at io.cucumber.core.runner.CachingGlue.lambda$prepareGlue$3(CachingGlue.java:277)
at java.base/java.util.ArrayList.forEach(ArrayList.java:1511)
at io.cucumber.core.runner.CachingGlue.prepareGlue(CachingGlue.java:271)
at io.cucumber.core.runner.Runner.runPickle(Runner.java:72)
at io.cucumber.testng.TestNGCucumberRunner.lambda$runScenario$1(TestNGCucumberRunner.java:132)
at io.cucumber.core.runtime.CucumberExecutionContext.lambda$runTestCase$3(CucumberExecutionContext.java:151)
at io.cucumber.core.runtime.RethrowingThrowableCollector.executeAndThrow(RethrowingThrowableCollector.java:23)
at io.cucumber.core.runtime.CucumberExecutionContext.runTestCase(CucumberExecutionContext.java:151)
at io.cucumber.testng.TestNGCucumberRunner.runScenario(TestNGCucumberRunner.java:129)
at com.runner.UnacademyRunner.Scenario(UnacademyRunner.java:62)
at java.base/jdk.internal.reflect.NativeMethodAccessorImpl.invoke0(Native Method)
at java.base/jdk.internal.reflect.NativeMethodAccessorImpl.invoke(NativeMethodAccessorImpl.java:77)
at java.base/jdk.internal.reflect.DelegatingMethodAccessorImpl.invoke(DelegatingMethodAccessorImpl.java:43)
at java.base/java.lang.reflect.Method.invoke(Method.java:568)
at org.testng.internal.MethodInvocationHelper.invokeMethod(MethodInvocationHelper.java:133)
at org.testng.internal.TestInvoker.invokeMethod(TestInvoker.java:598)
at org.testng.internal.TestInvoker.invokeTestMethod(TestInvoker.java:173)
at org.testng.internal.MethodRunner.runInSequence(MethodRunner.java:46)
at org.testng.internal.TestInvoker$MethodInvocationAgent.invoke(TestInvoker.java:824)
at org.testng.internal.TestInvoker.invokeTestMethods(TestInvoker.java:146)
at org.testng.internal.TestMethodWorker.invokeTestMethods(TestMethodWorker.java:146)
at org.testng.internal.TestMethodWorker.run(TestMethodWorker.java:128)
at java.base/java.util.ArrayList.forEach(ArrayList.java:1511)
at org.testng.TestRunner.privateRun(TestRunner.java:794)
at org.testng.TestRunner.run(TestRunner.java:596)
at org.testng.SuiteRunner.runTest(SuiteRunner.java:377)
at org.testng.SuiteRunner.runSequentially(SuiteRunner.java:371)
at org.testng.SuiteRunner.privateRun(SuiteRunner.java:332)
at org.testng.SuiteRunner.run(SuiteRunner.java:276)
at org.testng.SuiteRunnerWorker.runSuite(SuiteRunnerWorker.java:53)
at org.testng.SuiteRunnerWorker.run(SuiteRunnerWorker.java:96)
at org.testng.TestNG.runSuitesSequentially(TestNG.java:1212)
at org.testng.TestNG.runSuitesLocally(TestNG.java:1134)
at org.testng.TestNG.runSuites(TestNG.java:1063)
at org.testng.TestNG.run(TestNG.java:1031)
at org.testng.remote.AbstractRemoteTestNG.run(AbstractRemoteTestNG.java:115)
at org.testng.remote.RemoteTestNG.initAndRun(RemoteTestNG.java:251)
at org.testng.remote.RemoteTestNG.main(RemoteTestNG.java:77)
]]>
            </full-stacktrace>
          </exception> <!-- io.cucumber.core.runner.DuplicateStepDefinitionException -->
          <reporter-output>
          </reporter-output>
        </test-method> <!-- Scenario -->
        <test-method is-config="true" signature="setUpClass()[pri:0, instance:com.runner.UnacademyRunner@740cae06]" started-at="2022-03-23T00:41:11 IST" name="setUpClass" finished-at="2022-03-23T00:41:11 IST" duration-ms="1" status="PASS">
          <reporter-output>
          </reporter-output>
        </test-method> <!-- setUpClass -->
        <test-method signature="Scenario(io.cucumber.testng.PickleWrapper,io.cucumber.testng.FeatureWrapper)[pri:0, instance:com.runner.UnacademyRunner@740cae06]" started-at="2022-03-23T00:41:11 IST" name="Scenario" description="Runs Cucumber Feature" data-provider="Scenarios" finished-at="2022-03-23T00:41:11 IST" duration-ms="9" status="FAIL">
          <params>
            <param index="0">
              <value>
                <![CDATA["To validate the relevant course results appear"]]>
              </value>
            </param>
            <param index="1">
              <value>
                <![CDATA["Optional[Verification of search box functinality]"]]>
              </value>
            </param>
          </params>
          <exception class="io.cucumber.core.runner.DuplicateStepDefinitionException">
            <message>
              <![CDATA[Duplicate step definitions in com.StepDefinition.StepDefinition_1_UnacademyTest.select_age_group() and com.StepDefinition.StepDefinition_1_UnacademyTestTest.select_age_group()]]>
            </message>
            <full-stacktrace>
              <![CDATA[io.cucumber.core.runner.DuplicateStepDefinitionException: Duplicate step definitions in com.StepDefinition.StepDefinition_1_UnacademyTest.select_age_group() and com.StepDefinition.StepDefinition_1_UnacademyTestTest.select_age_group()
at io.cucumber.core.runner.CachingGlue.lambda$prepareGlue$3(CachingGlue.java:277)
at java.base/java.util.ArrayList.forEach(ArrayList.java:1511)
at io.cucumber.core.runner.CachingGlue.prepareGlue(CachingGlue.java:271)
at io.cucumber.core.runner.Runner.runPickle(Runner.java:72)
at io.cucumber.testng.TestNGCucumberRunner.lambda$runScenario$1(TestNGCucumberRunner.java:132)
at io.cucumber.core.runtime.CucumberExecutionContext.lambda$runTestCase$3(CucumberExecutionContext.java:151)
at io.cucumber.core.runtime.RethrowingThrowableCollector.executeAndThrow(RethrowingThrowableCollector.java:23)
at io.cucumber.core.runtime.CucumberExecutionContext.runTestCase(CucumberExecutionContext.java:151)
at io.cucumber.testng.TestNGCucumberRunner.runScenario(TestNGCucumberRunner.java:129)
at com.runner.UnacademyRunner.Scenario(UnacademyRunner.java:62)
at java.base/jdk.internal.reflect.NativeMethodAccessorImpl.invoke0(Native Method)
at java.base/jdk.internal.reflect.NativeMethodAccessorImpl.invoke(NativeMethodAccessorImpl.java:77)
at java.base/jdk.internal.reflect.DelegatingMethodAccessorImpl.invoke(DelegatingMethodAccessorImpl.java:43)
at java.base/java.lang.reflect.Method.invoke(Method.java:568)
at org.testng.internal.MethodInvocationHelper.invokeMethod(MethodInvocationHelper.java:133)
at org.testng.internal.TestInvoker.invokeMethod(TestInvoker.java:598)
at org.testng.internal.TestInvoker.invokeTestMethod(TestInvoker.java:173)
at org.testng.internal.MethodRunner.runInSequence(MethodRunner.java:46)
at org.testng.internal.TestInvoker$MethodInvocationAgent.invoke(TestInvoker.java:824)
at org.testng.internal.TestInvoker.invokeTestMethods(TestInvoker.java:146)
at org.testng.internal.TestMethodWorker.invokeTestMethods(TestMethodWorker.java:146)
at org.testng.internal.TestMethodWorker.run(TestMethodWorker.java:128)
at java.base/java.util.ArrayList.forEach(ArrayList.java:1511)
at org.testng.TestRunner.privateRun(TestRunner.java:794)
at org.testng.TestRunner.run(TestRunner.java:596)
at org.testng.SuiteRunner.runTest(SuiteRunner.java:377)
at org.testng.SuiteRunner.runSequentially(SuiteRunner.java:371)
at org.testng.SuiteRunner.privateRun(SuiteRunner.java:332)
at org.testng.SuiteRunner.run(SuiteRunner.java:276)
at org.testng.SuiteRunnerWorker.runSuite(SuiteRunnerWorker.java:53)
at org.testng.SuiteRunnerWorker.run(SuiteRunnerWorker.java:96)
at org.testng.TestNG.runSuitesSequentially(TestNG.java:1212)
at org.testng.TestNG.runSuitesLocally(TestNG.java:1134)
at org.testng.TestNG.runSuites(TestNG.java:1063)
at org.testng.TestNG.run(TestNG.java:1031)
at org.testng.remote.AbstractRemoteTestNG.run(AbstractRemoteTestNG.java:115)
at org.testng.remote.RemoteTestNG.initAndRun(RemoteTestNG.java:251)
at org.testng.remote.RemoteTestNG.main(RemoteTestNG.java:77)
]]>
            </full-stacktrace>
          </exception> <!-- io.cucumber.core.runner.DuplicateStepDefinitionException -->
          <reporter-output>
          </reporter-output>
        </test-method> <!-- Scenario -->
        <test-method is-config="true" signature="setUpClass()[pri:0, instance:com.runner.UnacademyRunner@740cae06]" started-at="2022-03-23T00:41:11 IST" name="setUpClass" finished-at="2022-03-23T00:41:11 IST" duration-ms="1" status="PASS">
          <reporter-output>
          </reporter-output>
        </test-method> <!-- setUpClass -->
        <test-method signature="Scenario(io.cucumber.testng.PickleWrapper,io.cucumber.testng.FeatureWrapper)[pri:0, instance:com.runner.UnacademyRunner@740cae06]" started-at="2022-03-23T00:41:11 IST" name="Scenario" description="Runs Cucumber Feature" data-provider="Scenarios" finished-at="2022-03-23T00:41:11 IST" duration-ms="7" status="FAIL">
          <params>
            <param index="0">
              <value>
                <![CDATA["To validate the relevant educators results should appear"]]>
              </value>
            </param>
            <param index="1">
              <value>
                <![CDATA["Optional[Verification of search box functinality]"]]>
              </value>
            </param>
          </params>
          <exception class="io.cucumber.core.runner.DuplicateStepDefinitionException">
            <message>
              <![CDATA[Duplicate step definitions in com.StepDefinition.StepDefinition_1_UnacademyTest.select_age_group() and com.StepDefinition.StepDefinition_1_UnacademyTestTest.select_age_group()]]>
            </message>
            <full-stacktrace>
              <![CDATA[io.cucumber.core.runner.DuplicateStepDefinitionException: Duplicate step definitions in com.StepDefinition.StepDefinition_1_UnacademyTest.select_age_group() and com.StepDefinition.StepDefinition_1_UnacademyTestTest.select_age_group()
at io.cucumber.core.runner.CachingGlue.lambda$prepareGlue$3(CachingGlue.java:277)
at java.base/java.util.ArrayList.forEach(ArrayList.java:1511)
at io.cucumber.core.runner.CachingGlue.prepareGlue(CachingGlue.java:271)
at io.cucumber.core.runner.Runner.runPickle(Runner.java:72)
at io.cucumber.testng.TestNGCucumberRunner.lambda$runScenario$1(TestNGCucumberRunner.java:132)
at io.cucumber.core.runtime.CucumberExecutionContext.lambda$runTestCase$3(CucumberExecutionContext.java:151)
at io.cucumber.core.runtime.RethrowingThrowableCollector.executeAndThrow(RethrowingThrowableCollector.java:23)
at io.cucumber.core.runtime.CucumberExecutionContext.runTestCase(CucumberExecutionContext.java:151)
at io.cucumber.testng.TestNGCucumberRunner.runScenario(TestNGCucumberRunner.java:129)
at com.runner.UnacademyRunner.Scenario(UnacademyRunner.java:62)
at jdk.internal.reflect.GeneratedMethodAccessor78.invoke(Unknown Source)
at java.base/jdk.internal.reflect.DelegatingMethodAccessorImpl.invoke(DelegatingMethodAccessorImpl.java:43)
at java.base/java.lang.reflect.Method.invoke(Method.java:568)
at org.testng.internal.MethodInvocationHelper.invokeMethod(MethodInvocationHelper.java:133)
at org.testng.internal.TestInvoker.invokeMethod(TestInvoker.java:598)
at org.testng.internal.TestInvoker.invokeTestMethod(TestInvoker.java:173)
at org.testng.internal.MethodRunner.runInSequence(MethodRunner.java:46)
at org.testng.internal.TestInvoker$MethodInvocationAgent.invoke(TestInvoker.java:824)
at org.testng.internal.TestInvoker.invokeTestMethods(TestInvoker.java:146)
at org.testng.internal.TestMethodWorker.invokeTestMethods(TestMethodWorker.java:146)
at org.testng.internal.TestMethodWorker.run(TestMethodWorker.java:128)
at java.base/java.util.ArrayList.forEach(ArrayList.java:1511)
at org.testng.TestRunner.privateRun(TestRunner.java:794)
at org.testng.TestRunner.run(TestRunner.java:596)
at org.testng.SuiteRunner.runTest(SuiteRunner.java:377)
at org.testng.SuiteRunner.runSequentially(SuiteRunner.java:371)
at org.testng.SuiteRunner.privateRun(SuiteRunner.java:332)
at org.testng.SuiteRunner.run(SuiteRunner.java:276)
at org.testng.SuiteRunnerWorker.runSuite(SuiteRunnerWorker.java:53)
at org.testng.SuiteRunnerWorker.run(SuiteRunnerWorker.java:96)
at org.testng.TestNG.runSuitesSequentially(TestNG.java:1212)
at org.testng.TestNG.runSuitesLocally(TestNG.java:1134)
at org.testng.TestNG.runSuites(TestNG.java:1063)
at org.testng.TestNG.run(TestNG.java:1031)
at org.testng.remote.AbstractRemoteTestNG.run(AbstractRemoteTestNG.java:115)
[...]
at org.testng.internal.TestMethodWorker.run(TestMethodWorker.java:128)
at java.base/java.util.ArrayList.forEach(ArrayList.java:1511)
at org.testng.TestRunner.privateRun(TestRunner.java:794)
at org.testng.TestRunner.run(TestRunner.java:596)
at org.testng.SuiteRunner.runTest(SuiteRunner.java:377)
at org.testng.SuiteRunner.runSequentially(SuiteRunner.java:371)
at org.testng.SuiteRunner.privateRun(SuiteRunner.java:332)
at org.testng.SuiteRunner.run(SuiteRunner.java:276)
at org.testng.SuiteRunnerWorker.runSuite(SuiteRunnerWorker.java:53)
at org.testng.SuiteRunnerWorker.run(SuiteRunnerWorker.java:96)
at org.testng.TestNG.runSuitesSequentially(TestNG.java:1212)
at org.testng.TestNG.runSuitesLocally(TestNG.java:1134)
at org.testng.TestNG.runSuites(TestNG.java:1063)
at org.testng.TestNG.run(TestNG.java:1031)
at org.testng.remote.AbstractRemoteTestNG.run(AbstractRemoteTestNG.java:115)
at org.testng.remote.RemoteTestNG.initAndRun(RemoteTestNG.java:251)
at org.testng.remote.RemoteTestNG.main(RemoteTestNG.java:77)
]]>
            </full-stacktrace>
          </exception> <!-- io.cucumber.core.runner.DuplicateStepDefinitionException -->
          <reporter-output>
          </reporter-output>
        </test-method> <!-- Scenario -->
        <test-method is-config="true" signature="setUpClass()[pri:0, instance:com.runner.UnacademyRunner@740cae06]" started-at="2022-03-23T00:41:11 IST" name="setUpClass" finished-at="2022-03-23T00:41:11 IST" duration-ms="1" status="PASS">
          <reporter-output>
          </reporter-output>
        </test-method> <!-- setUpClass -->
        <test-method signature="Scenario(io.cucumber.testng.PickleWrapper,io.cucumber.testng.FeatureWrapper)[pri:0, instance:com.runner.UnacademyRunner@740cae06]" started-at="2022-03-23T00:41:11 IST" name="Scenario" description="Runs Cucumber Feature" data-provider="Scenarios" finished-at="2022-03-23T00:41:11 IST" duration-ms="6" status="FAIL">
          <params>
            <param index="0">
              <value>
                <![CDATA["change duration button"]]>
              </value>
            </param>
            <param index="1">
              <value>
                <![CDATA["Optional[Veriication payment]"]]>
              </value>
            </param>
          </params>
          <exception class="io.cucumber.core.runner.DuplicateStepDefinitionException">
            <message>
              <![CDATA[Duplicate step definitions in com.StepDefinition.StepDefinition_1_UnacademyTest.select_age_group() and com.StepDefinition.StepDefinition_1_UnacademyTestTest.select_age_group()]]>
            </message>
            <full-stacktrace>
              <![CDATA[io.cucumber.core.runner.DuplicateStepDefinitionException: Duplicate step definitions in com.StepDefinition.StepDefinition_1_UnacademyTest.select_age_group() and com.StepDefinition.StepDefinition_1_UnacademyTestTest.select_age_group()
at io.cucumber.core.runner.CachingGlue.lambda$prepareGlue$3(CachingGlue.java:277)
at java.base/java.util.ArrayList.forEach(ArrayList.java:1511)
at io.cucumber.core.runner.CachingGlue.prepareGlue(CachingGlue.java:271)
at io.cucumber.core.runner.Runner.runPickle(Runner.java:72)
at io.cucumber.testng.TestNGCucumberRunner.lambda$runScenario$1(TestNGCucumberRunner.java:132)
at io.cucumber.core.runtime.CucumberExecutionContext.lambda$runTestCase$3(CucumberExecutionContext.java:151)
at io.cucumber.core.runtime.RethrowingThrowableCollector.executeAndThrow(RethrowingThrowableCollector.java:23)
at io.cucumber.core.runtime.CucumberExecutionContext.runTestCase(CucumberExecutionContext.java:151)
at io.cucumber.testng.TestNGCucumberRunner.runScenario(TestNGCucumberRunner.java:129)
at com.runner.UnacademyRunner.Scenario(UnacademyRunner.java:62)
at jdk.internal.reflect.GeneratedMethodAccessor78.invoke(Unknown Source)
at java.base/jdk.internal.reflect.DelegatingMethodAccessorImpl.invoke(DelegatingMethodAccessorImpl.java:43)
at java.base/java.lang.reflect.Method.invoke(Method.java:568)
at org.testng.internal.MethodInvocationHelper.invokeMethod(MethodInvocationHelper.java:133)
at org.testng.internal.TestInvoker.invokeMethod(TestInvoker.java:598)
at org.testng.internal.TestInvoker.invokeTestMethod(TestInvoker.java:173)
at org.testng.internal.MethodRunner.runInSequence(MethodRunner.java:46)
at org.testng.internal.TestInvoker$MethodInvocationAgent.invoke(TestInvoker.java:824)
at org.testng.internal.TestInvoker.invokeTestMethods(TestInvoker.java:146)
at org.testng.internal.TestMethodWorker.invokeTestMethods(TestMethodWorker.java:146)
at org.testng.internal.TestMethodWorker.run(TestMethodWorker.java:128)
at java.base/java.util.ArrayList.forEach(ArrayList.java:1511)
at org.testng.TestRunner.privateRun(TestRunner.java:794)
at org.testng.TestRunner.run(TestRunner.java:596)
at org.testng.SuiteRunner.runTest(SuiteRunner.java:377)
at org.testng.SuiteRunner.runSequentially(SuiteRunner.java:371)
at org.testng.SuiteRunner.privateRun(SuiteRunner.java:332)
at org.testng.SuiteRunner.run(SuiteRunner.java:276)
at org.testng.SuiteRunnerWorker.runSuite(SuiteRunnerWorker.java:53)
at org.testng.SuiteRunnerWorker.run(SuiteRunnerWorker.java:96)
at org.testng.TestNG.runSuitesSequentially(TestNG.java:1212)
at org.testng.TestNG.runSuitesLocally(TestNG.java:1134)
at org.testng.TestNG.runSuites(TestNG.java:1063)
at org.testng.TestNG.run(TestNG.java:1031)
at org.testng.remote.AbstractRemoteTestNG.run(AbstractRemoteTestNG.java:115)
at org.testng.remote.RemoteTestNG.initAndRun(RemoteTestNG.java:251)
at org.testng.remote.RemoteTestNG.main(RemoteTestNG.java:77)
]]>
            </full-stacktrace>
          </exception> <!-- io.cucumber.core.runner.DuplicateStepDefinitionException -->
          <reporter-output>
          </reporter-output>
        </test-method> <!-- Scenario -->
        <test-method signature="Scenario(io.cucumber.testng.PickleWrapper,io.cucumber.testng.FeatureWrapper)[pri:0, instance:com.runner.UnacademyRunner@740cae06]" started-at="2022-03-23T00:41:11 IST" name="Scenario" description="Runs Cucumber Feature" data-provider="Scenarios" finished-at="2022-03-23T00:41:11 IST" duration-ms="6" status="FAIL">
          <params>
            <param index="0">
              <value>
                <![CDATA["to validate that payment method"]]>
              </value>
            </param>
            <param index="1">
              <value>
                <![CDATA["Optional[Verification of payment method]"]]>
              </value>
            </param>
          </params>
          <exception class="io.cucumber.core.runner.DuplicateStepDefinitionException">
            <message>
              <![CDATA[Duplicate step definitions in com.StepDefinition.StepDefinition_1_UnacademyTest.select_age_group() and com.StepDefinition.StepDefinition_1_UnacademyTestTest.select_age_group()]]>
            </message>
            <full-stacktrace>
              <![CDATA[io.cucumber.core.runner.DuplicateStepDefinitionException: Duplicate step definitions in com.StepDefinition.StepDefinition_1_UnacademyTest.select_age_group() and com.StepDefinition.StepDefinition_1_UnacademyTestTest.select_age_group()
at io.cucumber.core.runner.CachingGlue.lambda$prepareGlue$3(CachingGlue.java:277)
at java.base/java.util.ArrayList.forEach(ArrayList.java:1511)
at io.cucumber.core.runner.CachingGlue.prepareGlue(CachingGlue.java:271)
at io.cucumber.core.runner.Runner.runPickle(Runner.java:72)
at io.cucumber.testng.TestNGCucumberRunner.lambda$runScenario$1(TestNGCucumberRunner.java:132)
at io.cucumber.core.runtime.CucumberExecutionContext.lambda$runTestCase$3(CucumberExecutionContext.java:151)
at io.cucumber.core.runtime.RethrowingThrowableCollector.executeAndThrow(RethrowingThrowableCollector.java:23)
at io.cucumber.core.runtime.CucumberExecutionContext.runTestCase(CucumberExecutionContext.java:151)
at io.cucumber.testng.TestNGCucumberRunner.runScenario(TestNGCucumberRunner.java:129)
at com.runner.UnacademyRunner.Scenario(UnacademyRunner.java:62)
at jdk.internal.reflect.GeneratedMethodAccessor78.invoke(Unknown Source)
at java.base/jdk.internal.reflect.DelegatingMethodAccessorImpl.invoke(DelegatingMethodAccessorImpl.java:43)
at java.base/java.lang.reflect.Method.invoke(Method.java:568)
at org.testng.internal.MethodInvocationHelper.invokeMethod(MethodInvocationHelper.java:133)
at org.testng.internal.TestInvoker.invokeMethod(TestInvoker.java:598)
at org.testng.internal.TestInvoker.invokeTestMethod(TestInvoker.java:173)
at org.testng.internal.MethodRunner.runInSequence(MethodRunner.java:46)
at org.testng.internal.TestInvoker$MethodInvocationAgent.invoke(TestInvoker.java:824)
at org.testng.internal.TestInvoker.invokeTestMethods(TestInvoker.java:146)
at org.testng.internal.TestMethodWorker.invokeTestMethods(TestMethodWorker.java:146)
at org.testng.internal.TestMethodWorker.run(TestMethodWorker.java:128)
at java.base/java.util.ArrayList.forEach(ArrayList.java:1511)
at org.testng.TestRunner.privateRun(TestRunner.java:794)
at org.testng.TestRunner.run(TestRunner.java:596)
at org.testng.SuiteRunner.runTest(SuiteRunner.java:377)
at org.testng.SuiteRunner.runSequentially(SuiteRunner.java:371)
at org.testng.SuiteRunner.privateRun(SuiteRunner.java:332)
at org.testng.SuiteRunner.run(SuiteRunner.java:276)
at org.testng.SuiteRunnerWorker.runSuite(SuiteRunnerWorker.java:53)
at org.testng.SuiteRunnerWorker.run(SuiteRunnerWorker.java:96)
at org.testng.TestNG.runSuitesSequentially(TestNG.java:1212)
at org.testng.TestNG.runSuitesLocally(TestNG.java:1134)
at org.testng.TestNG.runSuites(TestNG.java:1063)
at org.testng.TestNG.run(TestNG.java:1031)
at org.testng.remote.AbstractRemoteTestNG.run(AbstractRemoteTestNG.java:115)
at org.testng.remote.RemoteTestNG.initAndRun(RemoteTestNG.java:251)
at org.testng.remote.RemoteTestNG.main(RemoteTestNG.java:77)
]]>
            </full-stacktrace>
          </exception> <!-- io.cucumber.core.runner.DuplicateStepDefinitionException -->
          <reporter-output>
          </reporter-output>
        </test-method> <!-- Scenario -->
        <test-method is-config="true" signature="setUpClass()[pri:0, instance:com.runner.UnacademyRunner@740cae06]" started-at="2022-03-23T00:41:11 IST" name="setUpClass" finished-at="2022-03-23T00:41:11 IST" duration-ms="0" status="PASS">
          <reporter-output>
          </reporter-output>
        </test-method> <!-- setUpClass -->
        <test-method is-config="true" signature="setUpClass()[pri:0, instance:com.runner.UnacademyRunner@740cae06]" started-at="2022-03-23T00:41:11 IST" name="setUpClass" finished-at="2022-03-23T00:41:11 IST" duration-ms="1" status="PASS">
          <reporter-output>
          </reporter-output>
        </test-method> <!-- setUpClass -->
        <test-method signature="Scenario(io.cucumber.testng.PickleWrapper,io.cucumber.testng.FeatureWrapper)[pri:0, instance:com.runner.UnacademyRunner@740cae06]" started-at="2022-03-23T00:41:11 IST" name="Scenario" description="Runs Cucumber Feature" data-provider="Scenarios" finished-at="2022-03-23T00:41:11 IST" duration-ms="4" status="FAIL">
          <params>
            <param index="0">
              <value>
                <![CDATA["to validate that the pay in parts option"]]>
              </value>
            </param>
            <param index="1">
              <value>
                <![CDATA["Optional[Verification of payment method]"]]>
              </value>
            </param>
          </params>
          <exception class="io.cucumber.core.runner.DuplicateStepDefinitionException">
            <message>
              <![CDATA[Duplicate step definitions in com.StepDefinition.StepDefinition_1_UnacademyTest.select_age_group() and com.StepDefinition.StepDefinition_1_UnacademyTestTest.select_age_group()]]>
            </message>
            <full-stacktrace>
              <![CDATA[io.cucumber.core.runner.DuplicateStepDefinitionException: Duplicate step definitions in com.StepDefinition.StepDefinition_1_UnacademyTest.select_age_group() and com.StepDefinition.StepDefinition_1_UnacademyTestTest.select_age_group()
at io.cucumber.core.runner.CachingGlue.lambda$prepareGlue$3(CachingGlue.java:277)
at java.base/java.util.ArrayList.forEach(ArrayList.java:1511)
at io.cucumber.core.runner.CachingGlue.prepareGlue(CachingGlue.java:271)
at io.cucumber.core.runner.Runner.runPickle(Runner.java:72)
at io.cucumber.testng.TestNGCucumberRunner.lambda$runScenario$1(TestNGCucumberRunner.java:132)
at io.cucumber.core.runtime.CucumberExecutionContext.lambda$runTestCase$3(CucumberExecutionContext.java:151)
at io.cucumber.core.runtime.RethrowingThrowableCollector.executeAndThrow(RethrowingThrowableCollector.java:23)
at io.cucumber.core.runtime.CucumberExecutionContext.runTestCase(CucumberExecutionContext.java:151)
at io.cucumber.testng.TestNGCucumberRunner.runScenario(TestNGCucumberRunner.java:129)
at com.runner.UnacademyRunner.Scenario(UnacademyRunner.java:62)
at jdk.internal.reflect.GeneratedMethodAccessor78.invoke(Unknown Source)
at java.base/jdk.internal.reflect.DelegatingMethodAccessorImpl.invoke(DelegatingMethodAccessorImpl.java:43)
at java.base/java.lang.reflect.Method.invoke(Method.java:568)
at org.testng.internal.MethodInvocationHelper.invokeMethod(MethodInvocationHelper.java:133)
at org.testng.internal.TestInvoker.invokeMethod(TestInvoker.java:598)
at org.testng.internal.TestInvoker.invokeTestMethod(TestInvoker.java:173)
at org.testng.internal.MethodRunner.runInSequence(MethodRunner.java:46)
at org.testng.internal.TestInvoker$MethodInvocationAgent.invoke(TestInvoker.java:824)
at org.testng.internal.TestInvoker.invokeTestMethods(TestInvoker.java:146)
at org.testng.internal.TestMethodWorker.invokeTestMethods(TestMethodWorker.java:146)
at org.testng.internal.TestMethodWorker.run(TestMethodWorker.java:128)
at java.base/java.util.ArrayList.forEach(ArrayList.java:1511)
at org.testng.TestRunner.privateRun(TestRunner.java:794)
at org.testng.TestRunner.run(TestRunner.java:596)
at org.testng.SuiteRunner.runTest(SuiteRunner.java:377)
at org.testng.SuiteRunner.runSequentially(SuiteRunner.java:371)
at org.testng.SuiteRunner.privateRun(SuiteRunner.java:332)
at org.testng.SuiteRunner.run(SuiteRunner.java:276)
at org.testng.SuiteRunnerWorker.runSuite(SuiteRunnerWorker.java:53)
at org.testng.SuiteRunnerWorker.run(SuiteRunnerWorker.java:96)
at org.testng.TestNG.runSuitesSequentially(TestNG.java:1212)
at org.testng.TestNG.runSuitesLocally(TestNG.java:1134)
at org.testng.TestNG.runSuites(TestNG.java:1063)
at org.testng.TestNG.run(TestNG.java:1031)
at org.testng.remote.AbstractRemoteTestNG.run(AbstractRemoteTestNG.java:115)
at org.testng.remote.RemoteTestNG.initAndRun(RemoteTestNG.java:251)
at org.testng.remote.RemoteTestNG.main(RemoteTestNG.java:77)
]]>
            </full-stacktrace>
          </exception> <!-- io.cucumber.core.runner.DuplicateStepDefinitionException -->
          <reporter-output>
          </reporter-output>
        </test-method> <!-- Scenario -->
        <test-method is-config="true" signature="setUpClass()[pri:0, instance:com.runner.UnacademyRunner@740cae06]" started-at="2022-03-23T00:41:11 IST" name="setUpClass" finished-at="2022-03-23T00:41:11 IST" duration-ms="0" status="PASS">
          <reporter-output>
          </reporter-output>
        </test-method> <!-- setUpClass -->
        <test-method signature="Scenario(io.cucumber.testng.PickleWrapper,io.cucumber.testng.FeatureWrapper)[pri:0, instance:com.runner.UnacademyRunner@740cae06]" started-at="2022-03-23T00:41:11 IST" name="Scenario" description="Runs Cucumber Feature" data-provider="Scenarios" finished-at="2022-03-23T00:41:11 IST" duration-ms="3" status="FAIL">
          <params>
            <param index="0">
              <value>
                <![CDATA["to validate that on cards option"]]>
              </value>
            </param>
            <param index="1">
              <value>
                <![CDATA["Optional[Verification of payment method]"]]>
              </value>
            </param>
          </params>
          <exception class="io.cucumber.core.runner.DuplicateStepDefinitionException">
            <message>
              <![CDATA[Duplicate step definitions in com.StepDefinition.StepDefinition_1_UnacademyTest.select_age_group() and com.StepDefinition.StepDefinition_1_UnacademyTestTest.select_age_group()]]>
            </message>
            <full-stacktrace>
              <![CDATA[io.cucumber.core.runner.DuplicateStepDefinitionException: Duplicate step definitions in com.StepDefinition.StepDefinition_1_UnacademyTest.select_age_group() and com.StepDefinition.StepDefinition_1_UnacademyTestTest.select_age_group()
at io.cucumber.core.runner.CachingGlue.lambda$prepareGlue$3(CachingGlue.java:277)
at java.base/java.util.ArrayList.forEach(ArrayList.java:1511)
at io.cucumber.core.runner.CachingGlue.prepareGlue(CachingGlue.java:271)
at io.cucumber.core.runner.Runner.runPickle(Runner.java:72)
at io.cucumber.testng.TestNGCucumberRunner.lambda$runScenario$1(TestNGCucumberRunner.java:132)
at io.cucumber.core.runtime.CucumberExecutionContext.lambda$runTestCase$3(CucumberExecutionContext.java:151)
at io.cucumber.core.runtime.RethrowingThrowableCollector.executeAndThrow(RethrowingThrowableCollector.java:23)
at io.cucumber.core.runtime.CucumberExecutionContext.runTestCase(CucumberExecutionContext.java:151)
at io.cucumber.testng.TestNGCucumberRunner.runScenario(TestNGCucumberRunner.java:129)
at com.runner.UnacademyRunner.Scenario(UnacademyRunner.java:62)
at jdk.internal.reflect.GeneratedMethodAccessor78.invoke(Unknown Source)
at java.base/jdk.internal.reflect.DelegatingMethodAccessorImpl.invoke(DelegatingMethodAccessorImpl.java:43)
at java.base/java.lang.reflect.Method.invoke(Method.java:568)
at org.testng.internal.MethodInvocationHelper.invokeMethod(MethodInvocationHelper.java:133)
at org.testng.internal.TestInvoker.invokeMethod(TestInvoker.java:598)
at org.testng.internal.TestInvoker.invokeTestMethod(TestInvoker.java:173)
at org.testng.internal.MethodRunner.runInSequence(MethodRunner.java:46)
at org.testng.internal.TestInvoker$MethodInvocationAgent.invoke(TestInvoker.java:824)
at org.testng.internal.TestInvoker.invokeTestMethods(TestInvoker.java:146)
at org.testng.internal.TestMethodWorker.invokeTestMethods(TestMethodWorker.java:146)
at org.testng.internal.TestMethodWorker.run(TestMethodWorker.java:128)
at java.base/java.util.ArrayList.forEach(ArrayList.java:1511)
at org.testng.TestRunner.privateRun(TestRunner.java:794)
at org.testng.TestRunner.run(TestRunner.java:596)
at org.testng.SuiteRunner.runTest(SuiteRunner.java:377)
at org.testng.SuiteRunner.runSequentially(SuiteRunner.java:371)
at org.testng.SuiteRunner.privateRun(SuiteRunner.java:332)
at org.testng.SuiteRunner.run(SuiteRunner.java:276)
at org.testng.SuiteRunnerWorker.runSuite(SuiteRunnerWorker.java:53)
at org.testng.SuiteRunnerWorker.run(SuiteRunnerWorker.java:96)
at org.testng.TestNG.runSuitesSequentially(TestNG.java:1212)
at org.testng.TestNG.runSuitesLocally(TestNG.java:1134)
at org.testng.TestNG.runSuites(TestNG.java:1063)
at org.testng.TestNG.run(TestNG.java:1031)
at org.testng.remote.AbstractRemoteTestNG.run(AbstractRemoteTestNG.java:115)
at org.testng.remote.RemoteTestNG.initAndRun(RemoteTestNG.java:251)
at org.testng.remote.RemoteTestNG.main(RemoteTestNG.java:77)
]]>
            </full-stacktrace>
          </exception> <!-- io.cucumber.core.runner.DuplicateStepDefinitionException -->
          <reporter-output>
          </reporter-output>
        </test-method> <!-- Scenario -->
        <test-method is-config="true" signature="tearDownClass()[pri:0, instance:com.runner.UnacademyRunner@740cae06]" started-at="2022-03-23T00:41:11 IST" name="tearDownClass" finished-at="2022-03-23T00:41:11 IST" duration-ms="331" status="PASS">
          <reporter-output>
          </reporter-output>
        </test-method> <!-- tearDownClass -->
      </class> <!-- com.runner.UnacademyRunner -->
    </test> <!-- Default test -->
  </suite> <!-- Default suite -->
</testng-results>
